#
# A fatal error has been detected by the Java Runtime Environment:
#
#  EXCEPTION_ACCESS_VIOLATION (0xc0000005) at pc=0x00007ffa10b46da4, pid=17368, tid=3208
#
# JRE version: OpenJDK Runtime Environment Corretto-11.0.22.7.1 (11.0.22+7) (build 11.0.22+7-LTS)
# Java VM: OpenJDK 64-Bit Server VM Corretto-11.0.22.7.1 (11.0.22+7-LTS, mixed mode, tiered, compressed oops, g1 gc, windows-amd64)
# Problematic frame:
# V  [jvm.dll+0x346da4]
#
# No core dump will be written. Minidumps are not enabled by default on client versions of Windows
#
# If you would like to submit a bug report, please visit:
#   https://github.com/corretto/corretto-11/issues/
#

---------------  S U M M A R Y ------------

Command Line: -javaagent:C:\Program Files\JetBrains\IntelliJ IDEA Community Edition 2023.1.2\lib\idea_rt.jar=64376:C:\Program Files\JetBrains\IntelliJ IDEA Community Edition 2023.1.2\bin -Dfile.encoding=UTF-8 com.giova.service.moneystats.MoneyStatsServiceApplication

Host: 13th Gen Intel(R) Core(TM) i7-13700K, 24 cores, 31G,  Windows 11 , 64 bit Build 22621 (10.0.22621.3085)
Time: Tue Feb  6 14:19:13 2024 ora solare Europa occidentale elapsed time: 4.795421 seconds (0d 0h 0m 4s)

---------------  T H R E A D  ---------------

Current thread (0x000002b4cbb5b000):  JavaThread "C2 CompilerThread0" daemon [_thread_in_native, id=3208, stack(0x000000e10a000000,0x000000e10a100000)]


Current CompileTask:
C2:   4795 3926   !   4       org.springframework.beans.factory.support.DefaultSingletonBeanRegistry::getSingleton (147 bytes)

Stack: [0x000000e10a000000,0x000000e10a100000],  sp=0x000000e10a0fbcb0,  free space=1007k
Native frames: (J=compiled Java code, j=interpreted, Vv=VM code, C=native code)
V  [jvm.dll+0x346da4]
V  [jvm.dll+0x34709e]
V  [jvm.dll+0x3442c8]
V  [jvm.dll+0x343a7a]
V  [jvm.dll+0x22173f]
V  [jvm.dll+0x220748]
V  [jvm.dll+0x19e521]
V  [jvm.dll+0x2305e9]
V  [jvm.dll+0x22e75f]
V  [jvm.dll+0x79ae51]
V  [jvm.dll+0x793b24]
V  [jvm.dll+0x644615]
C  [ucrtbase.dll+0x29363]
C  [KERNEL32.DLL+0x1257d]
C  [ntdll.dll+0x5aa58]


siginfo: EXCEPTION_ACCESS_VIOLATION (0xc0000005), reading address 0x000000000000002c


Register to memory mapping:

RIP=0x00007ffa10b46da4 jvm.dll
RAX=0x000000000000000e is an unknown value
RBX=0x0000000000000003 is an unknown value
RCX=0x000002b4cc6a87c8 points into unknown readable memory: 0x00007ffa110621a8 | a8 21 06 11 fa 7f 00 00
RDX=0x0 is NULL
RSP=0x000000e10a0fbcb0 is pointing into the stack for thread: 0x000002b4cbb5b000
RBP=0x0 is NULL
RSI=0x000002b4cc6a99c8 points into unknown readable memory: 0x00007ffa110a73b8 | b8 73 0a 11 fa 7f 00 00
RDI=0x000002b4cdda7fa0 points into unknown readable memory: 0x00007ffa110ab668 | 68 b6 0a 11 fa 7f 00 00
R8 =0x0 is NULL
R9 =0x0 is NULL
R10=0x000002b4cd2fee18 points into unknown readable memory: 0x000002b4cc6a89f8 | f8 89 6a cc b4 02 00 00
R11=0x000002b4cd2fee38 points into unknown readable memory: 0x000002b4cc6a87c8 | c8 87 6a cc b4 02 00 00
R12=0x000000e10a0fbe10 is pointing into the stack for thread: 0x000002b4cbb5b000
R13=0x000002b4cc804610 points into unknown readable memory: 0x0000000000000000 | 00 00 00 00 00 00 00 00
R14=0x000002b4cc8044e8 points into unknown readable memory: 0x0000000000000000 | 00 00 00 00 00 00 00 00
R15=0x000000e10a0fc270 is pointing into the stack for thread: 0x000002b4cbb5b000


Registers:
RAX=0x000000000000000e, RBX=0x0000000000000003, RCX=0x000002b4cc6a87c8, RDX=0x0000000000000000
RSP=0x000000e10a0fbcb0, RBP=0x0000000000000000, RSI=0x000002b4cc6a99c8, RDI=0x000002b4cdda7fa0
R8 =0x0000000000000000, R9 =0x0000000000000000, R10=0x000002b4cd2fee18, R11=0x000002b4cd2fee38
R12=0x000000e10a0fbe10, R13=0x000002b4cc804610, R14=0x000002b4cc8044e8, R15=0x000000e10a0fc270
RIP=0x00007ffa10b46da4, EFLAGS=0x0000000000010287

Top of Stack: (sp=0x000000e10a0fbcb0)
0x000000e10a0fbcb0:   0000000000000003 000002b4cc6a99c8
0x000000e10a0fbcc0:   0000000000000020 00007ffa10b46285
0x000000e10a0fbcd0:   000000e10a0fc270 000002b4cc6a8be8
0x000000e10a0fbce0:   000002b49cf229d8 000000e10a0fbe10
0x000000e10a0fbcf0:   ffffffffffffffff 00007ffa10b4709e
0x000000e10a0fbd00:   000000e10a0fc270 000002b4ce943670
0x000000e10a0fbd10:   000000e10a0fbd60 000002b4cc6a89f8
0x000000e10a0fbd20:   0000051700000031 0000000000000000
0x000000e10a0fbd30:   0000000000000007 000002b4ce943670
0x000000e10a0fbd40:   000002b4cbaf3e50 0000000000000008
0x000000e10a0fbd50:   000002b4cbab4e60 000002b4cbaf3e48
0x000000e10a0fbd60:   000000e10a0fbe70 00007ffa10b442c8
0x000000e10a0fbd70:   000000000000007f 000000000000007f
0x000000e10a0fbd80:   000002b4cbab4e60 000000e10a0fc270
0x000000e10a0fbd90:   0000000000000000 0000000000000000
0x000000e10a0fbda0:   0000000000000000 000002b4ceb427f0 

Instructions: (pc=0x00007ffa10b46da4)
0x00007ffa10b46ca4:   83 bb 78 01 00 00 00 75 0e e8 be 80 e5 ff 49 8b
0x00007ffa10b46cb4:   4f 08 48 8b d0 eb 28 80 3d d9 df 73 00 00 48 8d
0x00007ffa10b46cc4:   15 e7 25 5a 00 48 8b 8b 60 01 00 00 41 0f 94 c0
0x00007ffa10b46cd4:   e8 87 5c e7 ff 48 8d 15 d0 25 5a 00 48 8b cb e8
0x00007ffa10b46ce4:   f8 3f ee ff 4c 8b 64 24 70 4c 8b 6c 24 78 48 8b
0x00007ffa10b46cf4:   9c 24 80 00 00 00 48 83 c4 40 41 5f 41 5e 5f 5e
0x00007ffa10b46d04:   5d c3 cc cc cc cc cc cc cc cc cc cc 48 89 5c 24
0x00007ffa10b46d14:   10 48 89 6c 24 18 48 89 74 24 20 48 89 4c 24 08
0x00007ffa10b46d24:   57 41 54 41 55 41 56 41 57 48 83 ec 20 8b 5a 28
0x00007ffa10b46d34:   49 8b f8 48 8b ea 4c 8b f9 3b 59 68 72 0b 8b d3
0x00007ffa10b46d44:   48 83 c1 68 e8 93 0e de ff 49 8b 47 78 48 89 3c
0x00007ffa10b46d54:   d8 8b 5f 28 ff cb 3b 5f 18 73 0a 48 8b 47 20 48
0x00007ffa10b46d64:   8b 34 d8 eb 02 33 f6 48 8b 06 48 8b ce ff 50 20
0x00007ffa10b46d74:   48 3b c6 74 03 2b 5f 48 4c 8b c5 48 8d 4f 10 8b
0x00007ffa10b46d84:   d3 e8 a6 bd 2d 00 ff 47 28 4c 8b 75 10 8b 45 20
0x00007ffa10b46d94:   4d 8d 2c c6 4d 3b f5 0f 83 91 00 00 00 49 8b 2e
0x00007ffa10b46da4:   8b 45 2c 24 0f 3c 08 75 78 48 8b 44 24 50 8b 5d
0x00007ffa10b46db4:   28 48 8b 40 78 48 8b 0c d8 48 3b cf 74 63 48 85
0x00007ffa10b46dc4:   c9 74 0b 48 8b d5 e8 81 06 de ff 8b 5d 28 41 3b
0x00007ffa10b46dd4:   5f 68 72 0b 8b d3 49 8d 4f 68 e8 fd 0d de ff 49
0x00007ffa10b46de4:   8b 47 78 8b cb 48 89 3c c8 8b 5f 28 ff cb 3b 5f
0x00007ffa10b46df4:   18 73 0a 48 8b 47 20 48 8b 34 d8 eb 02 33 f6 48
0x00007ffa10b46e04:   8b 06 48 8b ce ff 50 20 48 3b c6 74 03 2b 5f 48
0x00007ffa10b46e14:   4c 8b c5 48 8d 4f 10 8b d3 e8 0e bd 2d 00 ff 47
0x00007ffa10b46e24:   28 49 83 c6 08 4d 3b f5 0f 82 6f ff ff ff 48 8b
0x00007ffa10b46e34:   5c 24 58 48 8b 6c 24 60 48 8b 74 24 68 48 83 c4
0x00007ffa10b46e44:   20 41 5f 41 5e 41 5d 41 5c 5f c3 cc 48 8b c4 55
0x00007ffa10b46e54:   48 8b ec 48 83 ec 60 48 89 58 10 48 89 78 20 4c
0x00007ffa10b46e64:   89 60 f0 4c 8b e2 4c 89 78 d8 ba 08 00 00 00 48
0x00007ffa10b46e74:   8b 41 08 4c 8b f9 48 8d 4d c0 44 8b 80 d8 01 00
0x00007ffa10b46e84:   00 44 2b 80 00 02 00 00 c7 45 c0 00 00 00 00 c7
0x00007ffa10b46e94:   45 d0 07 00 00 00 48 c7 45 c8 00 00 00 00 41 8d 


Stack slot to memory mapping:
stack at sp + 0 slots: 0x0000000000000003 is an unknown value
stack at sp + 1 slots: 0x000002b4cc6a99c8 points into unknown readable memory: 0x00007ffa110a73b8 | b8 73 0a 11 fa 7f 00 00
stack at sp + 2 slots: 0x0000000000000020 is an unknown value
stack at sp + 3 slots: 0x00007ffa10b46285 jvm.dll
stack at sp + 4 slots: 0x000000e10a0fc270 is pointing into the stack for thread: 0x000002b4cbb5b000
stack at sp + 5 slots: 0x000002b4cc6a8be8 points into unknown readable memory: 0x00007ffa11030718 | 18 07 03 11 fa 7f 00 00
stack at sp + 6 slots: 0x000002b49cf229d8 points into unknown readable memory: 0x000002b4cbaf3e40 | 40 3e af cb b4 02 00 00
stack at sp + 7 slots: 0x000000e10a0fbe10 is pointing into the stack for thread: 0x000002b4cbb5b000


---------------  P R O C E S S  ---------------

Threads class SMR info:
_java_thread_list=0x000002b4ceb81520, length=21, elements={
0x000002b49cf0a000, 0x000002b4cbaf4800, 0x000002b4cbafd800, 0x000002b4cbb54800,
0x000002b4cbb55800, 0x000002b4cbb58000, 0x000002b4cbb5b000, 0x000002b4cbb5e800,
0x000002b4cbb64000, 0x000002b4cbd29800, 0x000002b4cbd2c800, 0x000002b4cc745000,
0x000002b4ccd28800, 0x000002b4cce74800, 0x000002b4cd0fa800, 0x000002b4cd96a000,
0x000002b4cd63b000, 0x000002b4ce515800, 0x000002b4cdbee800, 0x000002b4cdb51800,
0x000002b4ce6f0000
}

Java Threads: ( => current thread )
  0x000002b49cf0a000 JavaThread "main" [_thread_blocked, id=32032, stack(0x000000e109400000,0x000000e109500000)]
  0x000002b4cbaf4800 JavaThread "Reference Handler" daemon [_thread_blocked, id=33820, stack(0x000000e109b00000,0x000000e109c00000)]
  0x000002b4cbafd800 JavaThread "Finalizer" daemon [_thread_blocked, id=1616, stack(0x000000e109c00000,0x000000e109d00000)]
  0x000002b4cbb54800 JavaThread "Signal Dispatcher" daemon [_thread_blocked, id=35332, stack(0x000000e109d00000,0x000000e109e00000)]
  0x000002b4cbb55800 JavaThread "Attach Listener" daemon [_thread_blocked, id=15588, stack(0x000000e109e00000,0x000000e109f00000)]
  0x000002b4cbb58000 JavaThread "Service Thread" daemon [_thread_blocked, id=31020, stack(0x000000e109f00000,0x000000e10a000000)]
=>0x000002b4cbb5b000 JavaThread "C2 CompilerThread0" daemon [_thread_in_native, id=3208, stack(0x000000e10a000000,0x000000e10a100000)]
  0x000002b4cbb5e800 JavaThread "C1 CompilerThread0" daemon [_thread_blocked, id=15068, stack(0x000000e10a100000,0x000000e10a200000)]
  0x000002b4cbb64000 JavaThread "Sweeper thread" daemon [_thread_blocked, id=20424, stack(0x000000e10a200000,0x000000e10a300000)]
  0x000002b4cbd29800 JavaThread "C1 CompilerThread1" daemon [_thread_blocked, id=9668, stack(0x000000e10a300000,0x000000e10a400000)]
  0x000002b4cbd2c800 JavaThread "Common-Cleaner" daemon [_thread_blocked, id=20564, stack(0x000000e10a400000,0x000000e10a500000)]
  0x000002b4cc745000 JavaThread "C1 CompilerThread2" daemon [_thread_blocked, id=21048, stack(0x000000e10a500000,0x000000e10a600000)]
  0x000002b4ccd28800 JavaThread "Monitor Ctrl-Break" daemon [_thread_in_native, id=8372, stack(0x000000e10a600000,0x000000e10a700000)]
  0x000002b4cce74800 JavaThread "C2 CompilerThread1" daemon [_thread_blocked, id=32920, stack(0x000000e10a800000,0x000000e10a900000)]
  0x000002b4cd0fa800 JavaThread "C1 CompilerThread3" daemon [_thread_blocked, id=19376, stack(0x000000e10a900000,0x000000e10aa00000)]
  0x000002b4cd96a000 JavaThread "C2 CompilerThread2" daemon [_thread_blocked, id=16620, stack(0x000000e10aa00000,0x000000e10ab00000)]
  0x000002b4cd63b000 JavaThread "C2 CompilerThread3" daemon [_thread_in_native, id=7160, stack(0x000000e10ab00000,0x000000e10ac00000)]
  0x000002b4ce515800 JavaThread "Thread-0" [_thread_blocked, id=27568, stack(0x000000e10b700000,0x000000e10b800000)]
  0x000002b4cdbee800 JavaThread "restartedMain" [_thread_in_Java, id=12084, stack(0x000000e10b800000,0x000000e10b900000)]
  0x000002b4cdb51800 JavaThread "logtail-appender" daemon [_thread_blocked, id=25236, stack(0x000000e10bd00000,0x000000e10be00000)]
  0x000002b4ce6f0000 JavaThread "AsyncAppender-Worker-Logtail" daemon [_thread_blocked, id=31012, stack(0x000000e10be00000,0x000000e10bf00000)]

Other Threads:
  0x000002b4cbace800 VMThread "VM Thread" [stack: 0x000000e109a00000,0x000000e109b00000] [id=16432]
  0x000002b4ccd29800 WatcherThread [stack: 0x000000e10a700000,0x000000e10a800000] [id=27800]
  0x000002b49cf27800 GCTaskThread "GC Thread#0" [stack: 0x000000e109500000,0x000000e109600000] [id=14212]
  0x000002b4cd784800 GCTaskThread "GC Thread#1" [stack: 0x000000e10ac00000,0x000000e10ad00000] [id=5204]
  0x000002b4cd57c800 GCTaskThread "GC Thread#2" [stack: 0x000000e10ad00000,0x000000e10ae00000] [id=8760]
  0x000002b4cd82b000 GCTaskThread "GC Thread#3" [stack: 0x000000e10ae00000,0x000000e10af00000] [id=32932]
  0x000002b4ce664800 GCTaskThread "GC Thread#4" [stack: 0x000000e10af00000,0x000000e10b000000] [id=31916]
  0x000002b4cdac9000 GCTaskThread "GC Thread#5" [stack: 0x000000e10b000000,0x000000e10b100000] [id=11448]
  0x000002b4cdac9800 GCTaskThread "GC Thread#6" [stack: 0x000000e10b100000,0x000000e10b200000] [id=35144]
  0x000002b4ce1d4800 GCTaskThread "GC Thread#7" [stack: 0x000000e10b200000,0x000000e10b300000] [id=8476]
  0x000002b4cdd78000 GCTaskThread "GC Thread#8" [stack: 0x000000e10b300000,0x000000e10b400000] [id=16080]
  0x000002b4cdd78800 GCTaskThread "GC Thread#9" [stack: 0x000000e10b400000,0x000000e10b500000] [id=12320]
  0x000002b4cd87a000 GCTaskThread "GC Thread#10" [stack: 0x000000e10b500000,0x000000e10b600000] [id=11636]
  0x000002b4cd87a800 GCTaskThread "GC Thread#11" [stack: 0x000000e10b600000,0x000000e10b700000] [id=20540]
  0x000002b49cfa5800 ConcurrentGCThread "G1 Main Marker" [stack: 0x000000e109600000,0x000000e109700000] [id=34052]
  0x000002b49cfa7000 ConcurrentGCThread "G1 Conc#0" [stack: 0x000000e109700000,0x000000e109800000] [id=35536]
  0x000002b4ce50a000 ConcurrentGCThread "G1 Conc#1" [stack: 0x000000e10b900000,0x000000e10ba00000] [id=28108]
  0x000002b4ce50a800 ConcurrentGCThread "G1 Conc#2" [stack: 0x000000e10ba00000,0x000000e10bb00000] [id=31244]
  0x000002b4ce307000 ConcurrentGCThread "G1 Conc#3" [stack: 0x000000e10bb00000,0x000000e10bc00000] [id=20312]
  0x000002b4ce96d000 ConcurrentGCThread "G1 Conc#4" [stack: 0x000000e10bc00000,0x000000e10bd00000] [id=14792]
  0x000002b4cb950800 ConcurrentGCThread "G1 Refine#0" [stack: 0x000000e109800000,0x000000e109900000] [id=20144]
  0x000002b4cb951800 ConcurrentGCThread "G1 Young RemSet Sampling" [stack: 0x000000e109900000,0x000000e109a00000] [id=27336]

Threads with active compile tasks:
C2 CompilerThread0     4812 3926   !   4       org.springframework.beans.factory.support.DefaultSingletonBeanRegistry::getSingleton (147 bytes)
C2 CompilerThread1     4812 3959       4       org.springframework.beans.factory.support.AbstractAutowireCapableBeanFactory::predictBeanType (126 bytes)
C2 CompilerThread2     4812 3960       4       org.springframework.beans.factory.support.AbstractBeanFactory::getBeanPostProcessorCache (140 bytes)
C2 CompilerThread3     4812 3954       4       org.springframework.beans.factory.support.AbstractBeanFactory::isTypeMatch (607 bytes)

VM state:not at safepoint (normal execution)

VM Mutex/Monitor currently owned by a thread: None

Heap address: 0x0000000604000000, size: 8128 MB, Compressed Oops mode: Zero based, Oop shift amount: 3
Narrow klass base: 0x0000000800000000, Narrow klass shift: 0
Compressed class space size: 1073741824 Address: 0x0000000800000000

Heap:
 garbage-first heap   total 520192K, used 26654K [0x0000000604000000, 0x0000000800000000)
  region size 2048K, 11 young (22528K), 5 survivors (10240K)
 Metaspace       used 35972K, capacity 36773K, committed 37040K, reserved 1081344K
  class space    used 4009K, capacity 4334K, committed 4352K, reserved 1048576K
Heap Regions: E=young(eden), S=young(survivor), O=old, HS=humongous(starts), HC=humongous(continues), CS=collection set, F=free, A=archive, TAMS=top-at-mark-start (previous, next)
|   0|0x0000000604000000, 0x0000000604200000, 0x0000000604200000|100%| O|  |TAMS 0x0000000604200000, 0x0000000604000000| Untracked 
|   1|0x0000000604200000, 0x0000000604400000, 0x0000000604400000|100%| O|  |TAMS 0x0000000604400000, 0x0000000604200000| Untracked 
|   2|0x0000000604400000, 0x0000000604600000, 0x0000000604600000|100%| O|  |TAMS 0x0000000604600000, 0x0000000604400000| Untracked 
|   3|0x0000000604600000, 0x00000006047f8c00, 0x0000000604800000| 98%| O|  |TAMS 0x00000006047f8c00, 0x0000000604600000| Untracked 
|   4|0x0000000604800000, 0x0000000604800000, 0x0000000604a00000|  0%| F|  |TAMS 0x0000000604800000, 0x0000000604800000| Untracked 
|   5|0x0000000604a00000, 0x0000000604a00000, 0x0000000604c00000|  0%| F|  |TAMS 0x0000000604a00000, 0x0000000604a00000| Untracked 
|   6|0x0000000604c00000, 0x0000000604c00000, 0x0000000604e00000|  0%| F|  |TAMS 0x0000000604c00000, 0x0000000604c00000| Untracked 
|   7|0x0000000604e00000, 0x0000000604e00000, 0x0000000605000000|  0%| F|  |TAMS 0x0000000604e00000, 0x0000000604e00000| Untracked 
|   8|0x0000000605000000, 0x0000000605000000, 0x0000000605200000|  0%| F|  |TAMS 0x0000000605000000, 0x0000000605000000| Untracked 
|   9|0x0000000605200000, 0x0000000605200000, 0x0000000605400000|  0%| F|  |TAMS 0x0000000605200000, 0x0000000605200000| Untracked 
|  10|0x0000000605400000, 0x0000000605400000, 0x0000000605600000|  0%| F|  |TAMS 0x0000000605400000, 0x0000000605400000| Untracked 
|  11|0x0000000605600000, 0x0000000605600000, 0x0000000605800000|  0%| F|  |TAMS 0x0000000605600000, 0x0000000605600000| Untracked 
|  12|0x0000000605800000, 0x0000000605800000, 0x0000000605a00000|  0%| F|  |TAMS 0x0000000605800000, 0x0000000605800000| Untracked 
|  13|0x0000000605a00000, 0x0000000605a00000, 0x0000000605c00000|  0%| F|  |TAMS 0x0000000605a00000, 0x0000000605a00000| Untracked 
|  14|0x0000000605c00000, 0x0000000605c00000, 0x0000000605e00000|  0%| F|  |TAMS 0x0000000605c00000, 0x0000000605c00000| Untracked 
|  15|0x0000000605e00000, 0x0000000605e00000, 0x0000000606000000|  0%| F|  |TAMS 0x0000000605e00000, 0x0000000605e00000| Untracked 
|  16|0x0000000606000000, 0x0000000606000000, 0x0000000606200000|  0%| F|  |TAMS 0x0000000606000000, 0x0000000606000000| Untracked 
|  17|0x0000000606200000, 0x0000000606200000, 0x0000000606400000|  0%| F|  |TAMS 0x0000000606200000, 0x0000000606200000| Untracked 
|  18|0x0000000606400000, 0x0000000606400000, 0x0000000606600000|  0%| F|  |TAMS 0x0000000606400000, 0x0000000606400000| Untracked 
|  19|0x0000000606600000, 0x0000000606600000, 0x0000000606800000|  0%| F|  |TAMS 0x0000000606600000, 0x0000000606600000| Untracked 
|  20|0x0000000606800000, 0x0000000606800000, 0x0000000606a00000|  0%| F|  |TAMS 0x0000000606800000, 0x0000000606800000| Untracked 
|  21|0x0000000606a00000, 0x0000000606a00000, 0x0000000606c00000|  0%| F|  |TAMS 0x0000000606a00000, 0x0000000606a00000| Untracked 
|  22|0x0000000606c00000, 0x0000000606c00000, 0x0000000606e00000|  0%| F|  |TAMS 0x0000000606c00000, 0x0000000606c00000| Untracked 
|  23|0x0000000606e00000, 0x0000000606e00000, 0x0000000607000000|  0%| F|  |TAMS 0x0000000606e00000, 0x0000000606e00000| Untracked 
|  24|0x0000000607000000, 0x0000000607000000, 0x0000000607200000|  0%| F|  |TAMS 0x0000000607000000, 0x0000000607000000| Untracked 
|  25|0x0000000607200000, 0x0000000607200000, 0x0000000607400000|  0%| F|  |TAMS 0x0000000607200000, 0x0000000607200000| Untracked 
|  26|0x0000000607400000, 0x0000000607400000, 0x0000000607600000|  0%| F|  |TAMS 0x0000000607400000, 0x0000000607400000| Untracked 
|  27|0x0000000607600000, 0x0000000607600000, 0x0000000607800000|  0%| F|  |TAMS 0x0000000607600000, 0x0000000607600000| Untracked 
|  28|0x0000000607800000, 0x0000000607800000, 0x0000000607a00000|  0%| F|  |TAMS 0x0000000607800000, 0x0000000607800000| Untracked 
|  29|0x0000000607a00000, 0x0000000607a00000, 0x0000000607c00000|  0%| F|  |TAMS 0x0000000607a00000, 0x0000000607a00000| Untracked 
|  30|0x0000000607c00000, 0x0000000607c00000, 0x0000000607e00000|  0%| F|  |TAMS 0x0000000607c00000, 0x0000000607c00000| Untracked 
|  31|0x0000000607e00000, 0x0000000607e00000, 0x0000000608000000|  0%| F|  |TAMS 0x0000000607e00000, 0x0000000607e00000| Untracked 
|  32|0x0000000608000000, 0x0000000608000000, 0x0000000608200000|  0%| F|  |TAMS 0x0000000608000000, 0x0000000608000000| Untracked 
|  33|0x0000000608200000, 0x0000000608200000, 0x0000000608400000|  0%| F|  |TAMS 0x0000000608200000, 0x0000000608200000| Untracked 
|  34|0x0000000608400000, 0x0000000608400000, 0x0000000608600000|  0%| F|  |TAMS 0x0000000608400000, 0x0000000608400000| Untracked 
|  35|0x0000000608600000, 0x0000000608600000, 0x0000000608800000|  0%| F|  |TAMS 0x0000000608600000, 0x0000000608600000| Untracked 
|  36|0x0000000608800000, 0x0000000608800000, 0x0000000608a00000|  0%| F|  |TAMS 0x0000000608800000, 0x0000000608800000| Untracked 
|  37|0x0000000608a00000, 0x0000000608a00000, 0x0000000608c00000|  0%| F|  |TAMS 0x0000000608a00000, 0x0000000608a00000| Untracked 
|  38|0x0000000608c00000, 0x0000000608c00000, 0x0000000608e00000|  0%| F|  |TAMS 0x0000000608c00000, 0x0000000608c00000| Untracked 
|  39|0x0000000608e00000, 0x0000000608e00000, 0x0000000609000000|  0%| F|  |TAMS 0x0000000608e00000, 0x0000000608e00000| Untracked 
|  40|0x0000000609000000, 0x0000000609000000, 0x0000000609200000|  0%| F|  |TAMS 0x0000000609000000, 0x0000000609000000| Untracked 
|  41|0x0000000609200000, 0x0000000609200000, 0x0000000609400000|  0%| F|  |TAMS 0x0000000609200000, 0x0000000609200000| Untracked 
|  42|0x0000000609400000, 0x0000000609400000, 0x0000000609600000|  0%| F|  |TAMS 0x0000000609400000, 0x0000000609400000| Untracked 
|  43|0x0000000609600000, 0x0000000609600000, 0x0000000609800000|  0%| F|  |TAMS 0x0000000609600000, 0x0000000609600000| Untracked 
|  44|0x0000000609800000, 0x0000000609800000, 0x0000000609a00000|  0%| F|  |TAMS 0x0000000609800000, 0x0000000609800000| Untracked 
|  45|0x0000000609a00000, 0x0000000609a00000, 0x0000000609c00000|  0%| F|  |TAMS 0x0000000609a00000, 0x0000000609a00000| Untracked 
|  46|0x0000000609c00000, 0x0000000609c00000, 0x0000000609e00000|  0%| F|  |TAMS 0x0000000609c00000, 0x0000000609c00000| Untracked 
|  47|0x0000000609e00000, 0x0000000609e00000, 0x000000060a000000|  0%| F|  |TAMS 0x0000000609e00000, 0x0000000609e00000| Untracked 
|  48|0x000000060a000000, 0x000000060a000000, 0x000000060a200000|  0%| F|  |TAMS 0x000000060a000000, 0x000000060a000000| Untracked 
|  49|0x000000060a200000, 0x000000060a200000, 0x000000060a400000|  0%| F|  |TAMS 0x000000060a200000, 0x000000060a200000| Untracked 
|  50|0x000000060a400000, 0x000000060a400000, 0x000000060a600000|  0%| F|  |TAMS 0x000000060a400000, 0x000000060a400000| Untracked 
|  51|0x000000060a600000, 0x000000060a600000, 0x000000060a800000|  0%| F|  |TAMS 0x000000060a600000, 0x000000060a600000| Untracked 
|  52|0x000000060a800000, 0x000000060a800000, 0x000000060aa00000|  0%| F|  |TAMS 0x000000060a800000, 0x000000060a800000| Untracked 
|  53|0x000000060aa00000, 0x000000060aa00000, 0x000000060ac00000|  0%| F|  |TAMS 0x000000060aa00000, 0x000000060aa00000| Untracked 
|  54|0x000000060ac00000, 0x000000060ac00000, 0x000000060ae00000|  0%| F|  |TAMS 0x000000060ac00000, 0x000000060ac00000| Untracked 
|  55|0x000000060ae00000, 0x000000060ae00000, 0x000000060b000000|  0%| F|  |TAMS 0x000000060ae00000, 0x000000060ae00000| Untracked 
|  56|0x000000060b000000, 0x000000060b000000, 0x000000060b200000|  0%| F|  |TAMS 0x000000060b000000, 0x000000060b000000| Untracked 
|  57|0x000000060b200000, 0x000000060b200000, 0x000000060b400000|  0%| F|  |TAMS 0x000000060b200000, 0x000000060b200000| Untracked 
|  58|0x000000060b400000, 0x000000060b400000, 0x000000060b600000|  0%| F|  |TAMS 0x000000060b400000, 0x000000060b400000| Untracked 
|  59|0x000000060b600000, 0x000000060b600000, 0x000000060b800000|  0%| F|  |TAMS 0x000000060b600000, 0x000000060b600000| Untracked 
|  60|0x000000060b800000, 0x000000060b800000, 0x000000060ba00000|  0%| F|  |TAMS 0x000000060b800000, 0x000000060b800000| Untracked 
|  61|0x000000060ba00000, 0x000000060ba00000, 0x000000060bc00000|  0%| F|  |TAMS 0x000000060ba00000, 0x000000060ba00000| Untracked 
|  62|0x000000060bc00000, 0x000000060bc00000, 0x000000060be00000|  0%| F|  |TAMS 0x000000060bc00000, 0x000000060bc00000| Untracked 
|  63|0x000000060be00000, 0x000000060be00000, 0x000000060c000000|  0%| F|  |TAMS 0x000000060be00000, 0x000000060be00000| Untracked 
|  64|0x000000060c000000, 0x000000060c000000, 0x000000060c200000|  0%| F|  |TAMS 0x000000060c000000, 0x000000060c000000| Untracked 
|  65|0x000000060c200000, 0x000000060c200000, 0x000000060c400000|  0%| F|  |TAMS 0x000000060c200000, 0x000000060c200000| Untracked 
|  66|0x000000060c400000, 0x000000060c400000, 0x000000060c600000|  0%| F|  |TAMS 0x000000060c400000, 0x000000060c400000| Untracked 
|  67|0x000000060c600000, 0x000000060c600000, 0x000000060c800000|  0%| F|  |TAMS 0x000000060c600000, 0x000000060c600000| Untracked 
|  68|0x000000060c800000, 0x000000060c800000, 0x000000060ca00000|  0%| F|  |TAMS 0x000000060c800000, 0x000000060c800000| Untracked 
|  69|0x000000060ca00000, 0x000000060ca00000, 0x000000060cc00000|  0%| F|  |TAMS 0x000000060ca00000, 0x000000060ca00000| Untracked 
|  70|0x000000060cc00000, 0x000000060cc00000, 0x000000060ce00000|  0%| F|  |TAMS 0x000000060cc00000, 0x000000060cc00000| Untracked 
|  71|0x000000060ce00000, 0x000000060ce00000, 0x000000060d000000|  0%| F|  |TAMS 0x000000060ce00000, 0x000000060ce00000| Untracked 
|  72|0x000000060d000000, 0x000000060d000000, 0x000000060d200000|  0%| F|  |TAMS 0x000000060d000000, 0x000000060d000000| Untracked 
|  73|0x000000060d200000, 0x000000060d200000, 0x000000060d400000|  0%| F|  |TAMS 0x000000060d200000, 0x000000060d200000| Untracked 
|  74|0x000000060d400000, 0x000000060d400000, 0x000000060d600000|  0%| F|  |TAMS 0x000000060d400000, 0x000000060d400000| Untracked 
|  75|0x000000060d600000, 0x000000060d600000, 0x000000060d800000|  0%| F|  |TAMS 0x000000060d600000, 0x000000060d600000| Untracked 
|  76|0x000000060d800000, 0x000000060d800000, 0x000000060da00000|  0%| F|  |TAMS 0x000000060d800000, 0x000000060d800000| Untracked 
|  77|0x000000060da00000, 0x000000060da00000, 0x000000060dc00000|  0%| F|  |TAMS 0x000000060da00000, 0x000000060da00000| Untracked 
|  78|0x000000060dc00000, 0x000000060dc00000, 0x000000060de00000|  0%| F|  |TAMS 0x000000060dc00000, 0x000000060dc00000| Untracked 
|  79|0x000000060de00000, 0x000000060de00000, 0x000000060e000000|  0%| F|  |TAMS 0x000000060de00000, 0x000000060de00000| Untracked 
|  80|0x000000060e000000, 0x000000060e000000, 0x000000060e200000|  0%| F|  |TAMS 0x000000060e000000, 0x000000060e000000| Untracked 
|  81|0x000000060e200000, 0x000000060e200000, 0x000000060e400000|  0%| F|  |TAMS 0x000000060e200000, 0x000000060e200000| Untracked 
|  82|0x000000060e400000, 0x000000060e400000, 0x000000060e600000|  0%| F|  |TAMS 0x000000060e400000, 0x000000060e400000| Untracked 
|  83|0x000000060e600000, 0x000000060e600000, 0x000000060e800000|  0%| F|  |TAMS 0x000000060e600000, 0x000000060e600000| Untracked 
|  84|0x000000060e800000, 0x000000060e800000, 0x000000060ea00000|  0%| F|  |TAMS 0x000000060e800000, 0x000000060e800000| Untracked 
|  85|0x000000060ea00000, 0x000000060ea00000, 0x000000060ec00000|  0%| F|  |TAMS 0x000000060ea00000, 0x000000060ea00000| Untracked 
|  86|0x000000060ec00000, 0x000000060ec00000, 0x000000060ee00000|  0%| F|  |TAMS 0x000000060ec00000, 0x000000060ec00000| Untracked 
|  87|0x000000060ee00000, 0x000000060ee00000, 0x000000060f000000|  0%| F|  |TAMS 0x000000060ee00000, 0x000000060ee00000| Untracked 
|  88|0x000000060f000000, 0x000000060f000000, 0x000000060f200000|  0%| F|  |TAMS 0x000000060f000000, 0x000000060f000000| Untracked 
|  89|0x000000060f200000, 0x000000060f200000, 0x000000060f400000|  0%| F|  |TAMS 0x000000060f200000, 0x000000060f200000| Untracked 
|  90|0x000000060f400000, 0x000000060f400000, 0x000000060f600000|  0%| F|  |TAMS 0x000000060f400000, 0x000000060f400000| Untracked 
|  91|0x000000060f600000, 0x000000060f600000, 0x000000060f800000|  0%| F|  |TAMS 0x000000060f600000, 0x000000060f600000| Untracked 
|  92|0x000000060f800000, 0x000000060f800000, 0x000000060fa00000|  0%| F|  |TAMS 0x000000060f800000, 0x000000060f800000| Untracked 
|  93|0x000000060fa00000, 0x000000060fa00000, 0x000000060fc00000|  0%| F|  |TAMS 0x000000060fa00000, 0x000000060fa00000| Untracked 
|  94|0x000000060fc00000, 0x000000060fc00000, 0x000000060fe00000|  0%| F|  |TAMS 0x000000060fc00000, 0x000000060fc00000| Untracked 
|  95|0x000000060fe00000, 0x000000060fe00000, 0x0000000610000000|  0%| F|  |TAMS 0x000000060fe00000, 0x000000060fe00000| Untracked 
|  96|0x0000000610000000, 0x0000000610000000, 0x0000000610200000|  0%| F|  |TAMS 0x0000000610000000, 0x0000000610000000| Untracked 
|  97|0x0000000610200000, 0x0000000610200000, 0x0000000610400000|  0%| F|  |TAMS 0x0000000610200000, 0x0000000610200000| Untracked 
|  98|0x0000000610400000, 0x0000000610400000, 0x0000000610600000|  0%| F|  |TAMS 0x0000000610400000, 0x0000000610400000| Untracked 
|  99|0x0000000610600000, 0x0000000610600000, 0x0000000610800000|  0%| F|  |TAMS 0x0000000610600000, 0x0000000610600000| Untracked 
| 100|0x0000000610800000, 0x0000000610800000, 0x0000000610a00000|  0%| F|  |TAMS 0x0000000610800000, 0x0000000610800000| Untracked 
| 101|0x0000000610a00000, 0x0000000610a00000, 0x0000000610c00000|  0%| F|  |TAMS 0x0000000610a00000, 0x0000000610a00000| Untracked 
| 102|0x0000000610c00000, 0x0000000610c00000, 0x0000000610e00000|  0%| F|  |TAMS 0x0000000610c00000, 0x0000000610c00000| Untracked 
| 103|0x0000000610e00000, 0x0000000610e00000, 0x0000000611000000|  0%| F|  |TAMS 0x0000000610e00000, 0x0000000610e00000| Untracked 
| 104|0x0000000611000000, 0x0000000611000000, 0x0000000611200000|  0%| F|  |TAMS 0x0000000611000000, 0x0000000611000000| Untracked 
| 105|0x0000000611200000, 0x0000000611200000, 0x0000000611400000|  0%| F|  |TAMS 0x0000000611200000, 0x0000000611200000| Untracked 
| 106|0x0000000611400000, 0x0000000611400000, 0x0000000611600000|  0%| F|  |TAMS 0x0000000611400000, 0x0000000611400000| Untracked 
| 107|0x0000000611600000, 0x0000000611600000, 0x0000000611800000|  0%| F|  |TAMS 0x0000000611600000, 0x0000000611600000| Untracked 
| 108|0x0000000611800000, 0x0000000611800000, 0x0000000611a00000|  0%| F|  |TAMS 0x0000000611800000, 0x0000000611800000| Untracked 
| 109|0x0000000611a00000, 0x0000000611a00000, 0x0000000611c00000|  0%| F|  |TAMS 0x0000000611a00000, 0x0000000611a00000| Untracked 
| 110|0x0000000611c00000, 0x0000000611c00000, 0x0000000611e00000|  0%| F|  |TAMS 0x0000000611c00000, 0x0000000611c00000| Untracked 
| 111|0x0000000611e00000, 0x0000000611e00000, 0x0000000612000000|  0%| F|  |TAMS 0x0000000611e00000, 0x0000000611e00000| Untracked 
| 112|0x0000000612000000, 0x0000000612000000, 0x0000000612200000|  0%| F|  |TAMS 0x0000000612000000, 0x0000000612000000| Untracked 
| 113|0x0000000612200000, 0x0000000612200000, 0x0000000612400000|  0%| F|  |TAMS 0x0000000612200000, 0x0000000612200000| Untracked 
| 114|0x0000000612400000, 0x0000000612400000, 0x0000000612600000|  0%| F|  |TAMS 0x0000000612400000, 0x0000000612400000| Untracked 
| 115|0x0000000612600000, 0x0000000612600000, 0x0000000612800000|  0%| F|  |TAMS 0x0000000612600000, 0x0000000612600000| Untracked 
| 116|0x0000000612800000, 0x0000000612800000, 0x0000000612a00000|  0%| F|  |TAMS 0x0000000612800000, 0x0000000612800000| Untracked 
| 117|0x0000000612a00000, 0x0000000612a00000, 0x0000000612c00000|  0%| F|  |TAMS 0x0000000612a00000, 0x0000000612a00000| Untracked 
| 118|0x0000000612c00000, 0x0000000612c00000, 0x0000000612e00000|  0%| F|  |TAMS 0x0000000612c00000, 0x0000000612c00000| Untracked 
| 119|0x0000000612e00000, 0x0000000612e00000, 0x0000000613000000|  0%| F|  |TAMS 0x0000000612e00000, 0x0000000612e00000| Untracked 
| 120|0x0000000613000000, 0x0000000613000000, 0x0000000613200000|  0%| F|  |TAMS 0x0000000613000000, 0x0000000613000000| Untracked 
| 121|0x0000000613200000, 0x0000000613200000, 0x0000000613400000|  0%| F|  |TAMS 0x0000000613200000, 0x0000000613200000| Untracked 
| 122|0x0000000613400000, 0x0000000613400000, 0x0000000613600000|  0%| F|  |TAMS 0x0000000613400000, 0x0000000613400000| Untracked 
| 123|0x0000000613600000, 0x0000000613600000, 0x0000000613800000|  0%| F|  |TAMS 0x0000000613600000, 0x0000000613600000| Untracked 
| 124|0x0000000613800000, 0x0000000613800000, 0x0000000613a00000|  0%| F|  |TAMS 0x0000000613800000, 0x0000000613800000| Untracked 
| 125|0x0000000613a00000, 0x0000000613a00000, 0x0000000613c00000|  0%| F|  |TAMS 0x0000000613a00000, 0x0000000613a00000| Untracked 
| 126|0x0000000613c00000, 0x0000000613c00000, 0x0000000613e00000|  0%| F|  |TAMS 0x0000000613c00000, 0x0000000613c00000| Untracked 
| 127|0x0000000613e00000, 0x0000000613e00000, 0x0000000614000000|  0%| F|  |TAMS 0x0000000613e00000, 0x0000000613e00000| Untracked 
| 128|0x0000000614000000, 0x0000000614000000, 0x0000000614200000|  0%| F|  |TAMS 0x0000000614000000, 0x0000000614000000| Untracked 
| 129|0x0000000614200000, 0x0000000614200000, 0x0000000614400000|  0%| F|  |TAMS 0x0000000614200000, 0x0000000614200000| Untracked 
| 130|0x0000000614400000, 0x0000000614400000, 0x0000000614600000|  0%| F|  |TAMS 0x0000000614400000, 0x0000000614400000| Untracked 
| 131|0x0000000614600000, 0x0000000614600000, 0x0000000614800000|  0%| F|  |TAMS 0x0000000614600000, 0x0000000614600000| Untracked 
| 132|0x0000000614800000, 0x0000000614800000, 0x0000000614a00000|  0%| F|  |TAMS 0x0000000614800000, 0x0000000614800000| Untracked 
| 133|0x0000000614a00000, 0x0000000614a00000, 0x0000000614c00000|  0%| F|  |TAMS 0x0000000614a00000, 0x0000000614a00000| Untracked 
| 134|0x0000000614c00000, 0x0000000614c00000, 0x0000000614e00000|  0%| F|  |TAMS 0x0000000614c00000, 0x0000000614c00000| Untracked 
| 135|0x0000000614e00000, 0x0000000614e00000, 0x0000000615000000|  0%| F|  |TAMS 0x0000000614e00000, 0x0000000614e00000| Untracked 
| 136|0x0000000615000000, 0x0000000615000000, 0x0000000615200000|  0%| F|  |TAMS 0x0000000615000000, 0x0000000615000000| Untracked 
| 137|0x0000000615200000, 0x0000000615200000, 0x0000000615400000|  0%| F|  |TAMS 0x0000000615200000, 0x0000000615200000| Untracked 
| 138|0x0000000615400000, 0x0000000615400000, 0x0000000615600000|  0%| F|  |TAMS 0x0000000615400000, 0x0000000615400000| Untracked 
| 139|0x0000000615600000, 0x0000000615600000, 0x0000000615800000|  0%| F|  |TAMS 0x0000000615600000, 0x0000000615600000| Untracked 
| 140|0x0000000615800000, 0x0000000615800000, 0x0000000615a00000|  0%| F|  |TAMS 0x0000000615800000, 0x0000000615800000| Untracked 
| 141|0x0000000615a00000, 0x0000000615a00000, 0x0000000615c00000|  0%| F|  |TAMS 0x0000000615a00000, 0x0000000615a00000| Untracked 
| 142|0x0000000615c00000, 0x0000000615c00000, 0x0000000615e00000|  0%| F|  |TAMS 0x0000000615c00000, 0x0000000615c00000| Untracked 
| 143|0x0000000615e00000, 0x0000000615e00000, 0x0000000616000000|  0%| F|  |TAMS 0x0000000615e00000, 0x0000000615e00000| Untracked 
| 144|0x0000000616000000, 0x0000000616000000, 0x0000000616200000|  0%| F|  |TAMS 0x0000000616000000, 0x0000000616000000| Untracked 
| 145|0x0000000616200000, 0x0000000616200000, 0x0000000616400000|  0%| F|  |TAMS 0x0000000616200000, 0x0000000616200000| Untracked 
| 146|0x0000000616400000, 0x0000000616400000, 0x0000000616600000|  0%| F|  |TAMS 0x0000000616400000, 0x0000000616400000| Untracked 
| 147|0x0000000616600000, 0x0000000616600000, 0x0000000616800000|  0%| F|  |TAMS 0x0000000616600000, 0x0000000616600000| Untracked 
| 148|0x0000000616800000, 0x0000000616800000, 0x0000000616a00000|  0%| F|  |TAMS 0x0000000616800000, 0x0000000616800000| Untracked 
| 149|0x0000000616a00000, 0x0000000616a00000, 0x0000000616c00000|  0%| F|  |TAMS 0x0000000616a00000, 0x0000000616a00000| Untracked 
| 150|0x0000000616c00000, 0x0000000616c00000, 0x0000000616e00000|  0%| F|  |TAMS 0x0000000616c00000, 0x0000000616c00000| Untracked 
| 151|0x0000000616e00000, 0x0000000616e00000, 0x0000000617000000|  0%| F|  |TAMS 0x0000000616e00000, 0x0000000616e00000| Untracked 
| 152|0x0000000617000000, 0x0000000617000000, 0x0000000617200000|  0%| F|  |TAMS 0x0000000617000000, 0x0000000617000000| Untracked 
| 153|0x0000000617200000, 0x0000000617200000, 0x0000000617400000|  0%| F|  |TAMS 0x0000000617200000, 0x0000000617200000| Untracked 
| 154|0x0000000617400000, 0x0000000617400000, 0x0000000617600000|  0%| F|  |TAMS 0x0000000617400000, 0x0000000617400000| Untracked 
| 155|0x0000000617600000, 0x0000000617600000, 0x0000000617800000|  0%| F|  |TAMS 0x0000000617600000, 0x0000000617600000| Untracked 
| 156|0x0000000617800000, 0x0000000617800000, 0x0000000617a00000|  0%| F|  |TAMS 0x0000000617800000, 0x0000000617800000| Untracked 
| 157|0x0000000617a00000, 0x0000000617a00000, 0x0000000617c00000|  0%| F|  |TAMS 0x0000000617a00000, 0x0000000617a00000| Untracked 
| 158|0x0000000617c00000, 0x0000000617c00000, 0x0000000617e00000|  0%| F|  |TAMS 0x0000000617c00000, 0x0000000617c00000| Untracked 
| 159|0x0000000617e00000, 0x0000000617e00000, 0x0000000618000000|  0%| F|  |TAMS 0x0000000617e00000, 0x0000000617e00000| Untracked 
| 160|0x0000000618000000, 0x0000000618000000, 0x0000000618200000|  0%| F|  |TAMS 0x0000000618000000, 0x0000000618000000| Untracked 
| 161|0x0000000618200000, 0x0000000618200000, 0x0000000618400000|  0%| F|  |TAMS 0x0000000618200000, 0x0000000618200000| Untracked 
| 162|0x0000000618400000, 0x0000000618400000, 0x0000000618600000|  0%| F|  |TAMS 0x0000000618400000, 0x0000000618400000| Untracked 
| 163|0x0000000618600000, 0x0000000618600000, 0x0000000618800000|  0%| F|  |TAMS 0x0000000618600000, 0x0000000618600000| Untracked 
| 164|0x0000000618800000, 0x0000000618800000, 0x0000000618a00000|  0%| F|  |TAMS 0x0000000618800000, 0x0000000618800000| Untracked 
| 165|0x0000000618a00000, 0x0000000618a00000, 0x0000000618c00000|  0%| F|  |TAMS 0x0000000618a00000, 0x0000000618a00000| Untracked 
| 166|0x0000000618c00000, 0x0000000618c00000, 0x0000000618e00000|  0%| F|  |TAMS 0x0000000618c00000, 0x0000000618c00000| Untracked 
| 167|0x0000000618e00000, 0x0000000618e00000, 0x0000000619000000|  0%| F|  |TAMS 0x0000000618e00000, 0x0000000618e00000| Untracked 
| 168|0x0000000619000000, 0x0000000619000000, 0x0000000619200000|  0%| F|  |TAMS 0x0000000619000000, 0x0000000619000000| Untracked 
| 169|0x0000000619200000, 0x0000000619200000, 0x0000000619400000|  0%| F|  |TAMS 0x0000000619200000, 0x0000000619200000| Untracked 
| 170|0x0000000619400000, 0x0000000619400000, 0x0000000619600000|  0%| F|  |TAMS 0x0000000619400000, 0x0000000619400000| Untracked 
| 171|0x0000000619600000, 0x0000000619600000, 0x0000000619800000|  0%| F|  |TAMS 0x0000000619600000, 0x0000000619600000| Untracked 
| 172|0x0000000619800000, 0x0000000619800000, 0x0000000619a00000|  0%| F|  |TAMS 0x0000000619800000, 0x0000000619800000| Untracked 
| 173|0x0000000619a00000, 0x0000000619a00000, 0x0000000619c00000|  0%| F|  |TAMS 0x0000000619a00000, 0x0000000619a00000| Untracked 
| 174|0x0000000619c00000, 0x0000000619c00000, 0x0000000619e00000|  0%| F|  |TAMS 0x0000000619c00000, 0x0000000619c00000| Untracked 
| 175|0x0000000619e00000, 0x0000000619e00000, 0x000000061a000000|  0%| F|  |TAMS 0x0000000619e00000, 0x0000000619e00000| Untracked 
| 176|0x000000061a000000, 0x000000061a000000, 0x000000061a200000|  0%| F|  |TAMS 0x000000061a000000, 0x000000061a000000| Untracked 
| 177|0x000000061a200000, 0x000000061a200000, 0x000000061a400000|  0%| F|  |TAMS 0x000000061a200000, 0x000000061a200000| Untracked 
| 178|0x000000061a400000, 0x000000061a400000, 0x000000061a600000|  0%| F|  |TAMS 0x000000061a400000, 0x000000061a400000| Untracked 
| 179|0x000000061a600000, 0x000000061a600000, 0x000000061a800000|  0%| F|  |TAMS 0x000000061a600000, 0x000000061a600000| Untracked 
| 180|0x000000061a800000, 0x000000061a800000, 0x000000061aa00000|  0%| F|  |TAMS 0x000000061a800000, 0x000000061a800000| Untracked 
| 181|0x000000061aa00000, 0x000000061aa00000, 0x000000061ac00000|  0%| F|  |TAMS 0x000000061aa00000, 0x000000061aa00000| Untracked 
| 182|0x000000061ac00000, 0x000000061ac00000, 0x000000061ae00000|  0%| F|  |TAMS 0x000000061ac00000, 0x000000061ac00000| Untracked 
| 183|0x000000061ae00000, 0x000000061ae00000, 0x000000061b000000|  0%| F|  |TAMS 0x000000061ae00000, 0x000000061ae00000| Untracked 
| 184|0x000000061b000000, 0x000000061b000000, 0x000000061b200000|  0%| F|  |TAMS 0x000000061b000000, 0x000000061b000000| Untracked 
| 185|0x000000061b200000, 0x000000061b200000, 0x000000061b400000|  0%| F|  |TAMS 0x000000061b200000, 0x000000061b200000| Untracked 
| 186|0x000000061b400000, 0x000000061b400000, 0x000000061b600000|  0%| F|  |TAMS 0x000000061b400000, 0x000000061b400000| Untracked 
| 187|0x000000061b600000, 0x000000061b600000, 0x000000061b800000|  0%| F|  |TAMS 0x000000061b600000, 0x000000061b600000| Untracked 
| 188|0x000000061b800000, 0x000000061b800000, 0x000000061ba00000|  0%| F|  |TAMS 0x000000061b800000, 0x000000061b800000| Untracked 
| 189|0x000000061ba00000, 0x000000061ba00000, 0x000000061bc00000|  0%| F|  |TAMS 0x000000061ba00000, 0x000000061ba00000| Untracked 
| 190|0x000000061bc00000, 0x000000061bc00000, 0x000000061be00000|  0%| F|  |TAMS 0x000000061bc00000, 0x000000061bc00000| Untracked 
| 191|0x000000061be00000, 0x000000061be00000, 0x000000061c000000|  0%| F|  |TAMS 0x000000061be00000, 0x000000061be00000| Untracked 
| 192|0x000000061c000000, 0x000000061c000000, 0x000000061c200000|  0%| F|  |TAMS 0x000000061c000000, 0x000000061c000000| Untracked 
| 193|0x000000061c200000, 0x000000061c200000, 0x000000061c400000|  0%| F|  |TAMS 0x000000061c200000, 0x000000061c200000| Untracked 
| 194|0x000000061c400000, 0x000000061c400000, 0x000000061c600000|  0%| F|  |TAMS 0x000000061c400000, 0x000000061c400000| Untracked 
| 195|0x000000061c600000, 0x000000061c600000, 0x000000061c800000|  0%| F|  |TAMS 0x000000061c600000, 0x000000061c600000| Untracked 
| 196|0x000000061c800000, 0x000000061c800000, 0x000000061ca00000|  0%| F|  |TAMS 0x000000061c800000, 0x000000061c800000| Untracked 
| 197|0x000000061ca00000, 0x000000061ca00000, 0x000000061cc00000|  0%| F|  |TAMS 0x000000061ca00000, 0x000000061ca00000| Untracked 
| 198|0x000000061cc00000, 0x000000061cc00000, 0x000000061ce00000|  0%| F|  |TAMS 0x000000061cc00000, 0x000000061cc00000| Untracked 
| 199|0x000000061ce00000, 0x000000061ce00000, 0x000000061d000000|  0%| F|  |TAMS 0x000000061ce00000, 0x000000061ce00000| Untracked 
| 200|0x000000061d000000, 0x000000061d000000, 0x000000061d200000|  0%| F|  |TAMS 0x000000061d000000, 0x000000061d000000| Untracked 
| 201|0x000000061d200000, 0x000000061d200000, 0x000000061d400000|  0%| F|  |TAMS 0x000000061d200000, 0x000000061d200000| Untracked 
| 202|0x000000061d400000, 0x000000061d40ec20, 0x000000061d600000|  2%| S|CS|TAMS 0x000000061d400000, 0x000000061d400000| Complete 
| 203|0x000000061d600000, 0x000000061d800000, 0x000000061d800000|100%| S|CS|TAMS 0x000000061d600000, 0x000000061d600000| Complete 
| 204|0x000000061d800000, 0x000000061da00000, 0x000000061da00000|100%| S|CS|TAMS 0x000000061d800000, 0x000000061d800000| Complete 
| 205|0x000000061da00000, 0x000000061dc00000, 0x000000061dc00000|100%| S|CS|TAMS 0x000000061da00000, 0x000000061da00000| Complete 
| 206|0x000000061dc00000, 0x000000061de00000, 0x000000061de00000|100%| S|CS|TAMS 0x000000061dc00000, 0x000000061dc00000| Complete 
| 207|0x000000061de00000, 0x000000061de00000, 0x000000061e000000|  0%| F|  |TAMS 0x000000061de00000, 0x000000061de00000| Untracked 
| 208|0x000000061e000000, 0x000000061e000000, 0x000000061e200000|  0%| F|  |TAMS 0x000000061e000000, 0x000000061e000000| Untracked 
| 209|0x000000061e200000, 0x000000061e200000, 0x000000061e400000|  0%| F|  |TAMS 0x000000061e200000, 0x000000061e200000| Untracked 
| 210|0x000000061e400000, 0x000000061e400000, 0x000000061e600000|  0%| F|  |TAMS 0x000000061e400000, 0x000000061e400000| Untracked 
| 211|0x000000061e600000, 0x000000061e600000, 0x000000061e800000|  0%| F|  |TAMS 0x000000061e600000, 0x000000061e600000| Untracked 
| 212|0x000000061e800000, 0x000000061e800000, 0x000000061ea00000|  0%| F|  |TAMS 0x000000061e800000, 0x000000061e800000| Untracked 
| 213|0x000000061ea00000, 0x000000061ea00000, 0x000000061ec00000|  0%| F|  |TAMS 0x000000061ea00000, 0x000000061ea00000| Untracked 
| 214|0x000000061ec00000, 0x000000061ec00000, 0x000000061ee00000|  0%| F|  |TAMS 0x000000061ec00000, 0x000000061ec00000| Untracked 
| 215|0x000000061ee00000, 0x000000061ee00000, 0x000000061f000000|  0%| F|  |TAMS 0x000000061ee00000, 0x000000061ee00000| Untracked 
| 216|0x000000061f000000, 0x000000061f000000, 0x000000061f200000|  0%| F|  |TAMS 0x000000061f000000, 0x000000061f000000| Untracked 
| 217|0x000000061f200000, 0x000000061f200000, 0x000000061f400000|  0%| F|  |TAMS 0x000000061f200000, 0x000000061f200000| Untracked 
| 218|0x000000061f400000, 0x000000061f400000, 0x000000061f600000|  0%| F|  |TAMS 0x000000061f400000, 0x000000061f400000| Untracked 
| 219|0x000000061f600000, 0x000000061f600000, 0x000000061f800000|  0%| F|  |TAMS 0x000000061f600000, 0x000000061f600000| Untracked 
| 220|0x000000061f800000, 0x000000061f800000, 0x000000061fa00000|  0%| F|  |TAMS 0x000000061f800000, 0x000000061f800000| Untracked 
| 221|0x000000061fa00000, 0x000000061fa00000, 0x000000061fc00000|  0%| F|  |TAMS 0x000000061fa00000, 0x000000061fa00000| Untracked 
| 222|0x000000061fc00000, 0x000000061fc00000, 0x000000061fe00000|  0%| F|  |TAMS 0x000000061fc00000, 0x000000061fc00000| Untracked 
| 223|0x000000061fe00000, 0x000000061fe00000, 0x0000000620000000|  0%| F|  |TAMS 0x000000061fe00000, 0x000000061fe00000| Untracked 
| 224|0x0000000620000000, 0x0000000620000000, 0x0000000620200000|  0%| F|  |TAMS 0x0000000620000000, 0x0000000620000000| Untracked 
| 225|0x0000000620200000, 0x0000000620200000, 0x0000000620400000|  0%| F|  |TAMS 0x0000000620200000, 0x0000000620200000| Untracked 
| 226|0x0000000620400000, 0x0000000620400000, 0x0000000620600000|  0%| F|  |TAMS 0x0000000620400000, 0x0000000620400000| Untracked 
| 227|0x0000000620600000, 0x0000000620600000, 0x0000000620800000|  0%| F|  |TAMS 0x0000000620600000, 0x0000000620600000| Untracked 
| 228|0x0000000620800000, 0x0000000620800000, 0x0000000620a00000|  0%| F|  |TAMS 0x0000000620800000, 0x0000000620800000| Untracked 
| 229|0x0000000620a00000, 0x0000000620a00000, 0x0000000620c00000|  0%| F|  |TAMS 0x0000000620a00000, 0x0000000620a00000| Untracked 
| 230|0x0000000620c00000, 0x0000000620c00000, 0x0000000620e00000|  0%| F|  |TAMS 0x0000000620c00000, 0x0000000620c00000| Untracked 
| 231|0x0000000620e00000, 0x0000000620e00000, 0x0000000621000000|  0%| F|  |TAMS 0x0000000620e00000, 0x0000000620e00000| Untracked 
| 232|0x0000000621000000, 0x0000000621000000, 0x0000000621200000|  0%| F|  |TAMS 0x0000000621000000, 0x0000000621000000| Untracked 
| 233|0x0000000621200000, 0x0000000621200000, 0x0000000621400000|  0%| F|  |TAMS 0x0000000621200000, 0x0000000621200000| Untracked 
| 234|0x0000000621400000, 0x0000000621400000, 0x0000000621600000|  0%| F|  |TAMS 0x0000000621400000, 0x0000000621400000| Untracked 
| 235|0x0000000621600000, 0x0000000621600000, 0x0000000621800000|  0%| F|  |TAMS 0x0000000621600000, 0x0000000621600000| Untracked 
| 236|0x0000000621800000, 0x0000000621800000, 0x0000000621a00000|  0%| F|  |TAMS 0x0000000621800000, 0x0000000621800000| Untracked 
| 237|0x0000000621a00000, 0x0000000621a00000, 0x0000000621c00000|  0%| F|  |TAMS 0x0000000621a00000, 0x0000000621a00000| Untracked 
| 238|0x0000000621c00000, 0x0000000621c00000, 0x0000000621e00000|  0%| F|  |TAMS 0x0000000621c00000, 0x0000000621c00000| Untracked 
| 239|0x0000000621e00000, 0x0000000621e00000, 0x0000000622000000|  0%| F|  |TAMS 0x0000000621e00000, 0x0000000621e00000| Untracked 
| 240|0x0000000622000000, 0x0000000622000000, 0x0000000622200000|  0%| F|  |TAMS 0x0000000622000000, 0x0000000622000000| Untracked 
| 241|0x0000000622200000, 0x0000000622200000, 0x0000000622400000|  0%| F|  |TAMS 0x0000000622200000, 0x0000000622200000| Untracked 
| 242|0x0000000622400000, 0x0000000622400000, 0x0000000622600000|  0%| F|  |TAMS 0x0000000622400000, 0x0000000622400000| Untracked 
| 243|0x0000000622600000, 0x0000000622600000, 0x0000000622800000|  0%| F|  |TAMS 0x0000000622600000, 0x0000000622600000| Untracked 
| 244|0x0000000622800000, 0x0000000622800000, 0x0000000622a00000|  0%| F|  |TAMS 0x0000000622800000, 0x0000000622800000| Untracked 
| 245|0x0000000622a00000, 0x0000000622a00000, 0x0000000622c00000|  0%| F|  |TAMS 0x0000000622a00000, 0x0000000622a00000| Untracked 
| 246|0x0000000622c00000, 0x0000000622c00000, 0x0000000622e00000|  0%| F|  |TAMS 0x0000000622c00000, 0x0000000622c00000| Untracked 
| 247|0x0000000622e00000, 0x0000000622e00000, 0x0000000623000000|  0%| F|  |TAMS 0x0000000622e00000, 0x0000000622e00000| Untracked 
| 248|0x0000000623000000, 0x0000000623200000, 0x0000000623200000|100%| E|  |TAMS 0x0000000623000000, 0x0000000623000000| Complete 
| 249|0x0000000623200000, 0x0000000623400000, 0x0000000623400000|100%| E|CS|TAMS 0x0000000623200000, 0x0000000623200000| Complete 
| 250|0x0000000623400000, 0x0000000623600000, 0x0000000623600000|100%| E|CS|TAMS 0x0000000623400000, 0x0000000623400000| Complete 
| 251|0x0000000623600000, 0x0000000623800000, 0x0000000623800000|100%| E|CS|TAMS 0x0000000623600000, 0x0000000623600000| Complete 
| 252|0x0000000623800000, 0x0000000623a00000, 0x0000000623a00000|100%| E|CS|TAMS 0x0000000623800000, 0x0000000623800000| Complete 
| 253|0x0000000623a00000, 0x0000000623c00000, 0x0000000623c00000|100%| E|CS|TAMS 0x0000000623a00000, 0x0000000623a00000| Complete 

Card table byte_map: [0x000002b4b6430000,0x000002b4b7410000] _byte_map_base: 0x000002b4b3410000

Marking Bits (Prev, Next): (CMBitMap*) 0x000002b49cf94f78, (CMBitMap*) 0x000002b49cf94fb0
 Prev Bits: [0x000002b4b83f0000, 0x000002b4c02f0000)
 Next Bits: [0x000002b4c02f0000, 0x000002b4c81f0000)

Polling page: 0x000002b49ae70000

Metaspace:

Usage:
  Non-class:     31.68 MB capacity,    31.24 MB ( 99%) used,   353.55 KB (  1%) free+waste,    95.44 KB ( <1%) overhead. 
      Class:      4.23 MB capacity,     3.92 MB ( 93%) used,   276.83 KB (  6%) free+waste,    44.38 KB (  1%) overhead. 
       Both:     35.91 MB capacity,    35.16 MB ( 98%) used,   630.38 KB (  2%) free+waste,   139.81 KB ( <1%) overhead. 

Virtual space:
  Non-class space:       32.00 MB reserved,      31.92 MB (>99%) committed 
      Class space:        1.00 GB reserved,       4.25 MB ( <1%) committed 
             Both:        1.03 GB reserved,      36.17 MB (  3%) committed 

Chunk freelists:
   Non-Class:  57.00 KB
       Class:  18.00 KB
        Both:  75.00 KB

MaxMetaspaceSize: 17179869184.00 GB
CompressedClassSpaceSize: 1.00 GB
Initial GC threshold: 20.80 MB
Current GC threshold: 58.83 MB
CDS: off

CodeHeap 'non-profiled nmethods': size=119168Kb used=2046Kb max_used=2046Kb free=117122Kb
 bounds [0x000002b4ad220000, 0x000002b4ad490000, 0x000002b4b4680000]
CodeHeap 'profiled nmethods': size=119168Kb used=9010Kb max_used=9010Kb free=110157Kb
 bounds [0x000002b4a5dc0000, 0x000002b4a6690000, 0x000002b4ad220000]
CodeHeap 'non-nmethods': size=7424Kb used=2892Kb max_used=2959Kb free=4531Kb
 bounds [0x000002b4a5680000, 0x000002b4a5970000, 0x000002b4a5dc0000]
 total_blobs=4431 nmethods=3960 adapters=380
 compilation: enabled
              stopped_count=0, restarted_count=0
 full_count=0

Compilation events (20 events):
Event: 4.783 Thread 0x000002b4cbb5e800 nmethod 3916 0x000002b4a6671910 code [0x000002b4a6671ac0, 0x000002b4a6671c18]
Event: 4.783 Thread 0x000002b4cc745000 nmethod 3918 0x000002b4ad418210 code [0x000002b4ad4183c0, 0x000002b4ad418478]
Event: 4.783 Thread 0x000002b4cbd29800 nmethod 3915 0x000002b4a6671d10 code [0x000002b4a6671ee0, 0x000002b4a6672188]
Event: 4.783 Thread 0x000002b4cd0fa800 3919       3       org.springframework.beans.factory.support.AbstractBeanFactory::isTypeMatch (8 bytes)
Event: 4.783 Thread 0x000002b4cd0fa800 nmethod 3919 0x000002b4a6672290 code [0x000002b4a6672440, 0x000002b4a6672608]
Event: 4.784 Thread 0x000002b4cbb5b000 nmethod 3892 0x000002b4ad418510 code [0x000002b4ad4186c0, 0x000002b4ad4189e8]
Event: 4.784 Thread 0x000002b4cd63b000 3920       4       org.springframework.beans.factory.support.DefaultSingletonBeanRegistry::containsSingleton (11 bytes)
Event: 4.785 Thread 0x000002b4cbb5e800 3921       3       org.springframework.core.annotation.RepeatableContainers::none (4 bytes)
Event: 4.785 Thread 0x000002b4cc745000 3922       3       org.springframework.core.annotation.RepeatableContainers$NoRepeatableContainers::access$100 (4 bytes)
Event: 4.785 Thread 0x000002b4cbb5e800 nmethod 3921 0x000002b4a6672710 code [0x000002b4a66728c0, 0x000002b4a66729f8]
Event: 4.786 Thread 0x000002b4cc745000 nmethod 3922 0x000002b4a6672a90 code [0x000002b4a6672c40, 0x000002b4a6672d38]
Event: 4.786 Thread 0x000002b4cbd29800 3923       3       org.springframework.boot.autoconfigure.condition.OnClassCondition::getCandidates (64 bytes)
Event: 4.786 Thread 0x000002b4cd0fa800 3924       3       java.util.Map::getOrDefault (28 bytes)
Event: 4.786 Thread 0x000002b4cd96a000 3925       4       org.springframework.beans.factory.BeanFactoryUtils::transformedBeanName (35 bytes)
Event: 4.786 Thread 0x000002b4cbb5b000 3926   !   4       org.springframework.beans.factory.support.DefaultSingletonBeanRegistry::getSingleton (147 bytes)
Event: 4.786 Thread 0x000002b4cd0fa800 nmethod 3924 0x000002b4a6672e10 code [0x000002b4a6672fe0, 0x000002b4a6673318]
Event: 4.786 Thread 0x000002b4cbd29800 nmethod 3923 0x000002b4a6673410 code [0x000002b4a6673680, 0x000002b4a6674078]
Event: 4.786 Thread 0x000002b4cce74800 3927       4       sun.reflect.annotation.AnnotationInvocationHandler::invoke (178 bytes)
Event: 4.787 Thread 0x000002b4cd96a000 nmethod 3925 0x000002b4ad418c90 code [0x000002b4ad418e40, 0x000002b4ad418f68]
Event: 4.789 Thread 0x000002b4cd63b000 nmethod 3920 0x000002b4ad419190 code [0x000002b4ad419360, 0x000002b4ad419a28]

GC Heap History (10 events):
Event: 3.359 GC heap before
{Heap before GC invocations=0 (full 0):
 garbage-first heap   total 520192K, used 24576K [0x0000000604000000, 0x0000000800000000)
  region size 2048K, 12 young (24576K), 0 survivors (0K)
 Metaspace       used 10990K, capacity 11179K, committed 11264K, reserved 1058816K
  class space    used 965K, capacity 1022K, committed 1024K, reserved 1048576K
}
Event: 3.363 GC heap after
{Heap after GC invocations=1 (full 0):
 garbage-first heap   total 520192K, used 8100K [0x0000000604000000, 0x0000000800000000)
  region size 2048K, 2 young (4096K), 2 survivors (4096K)
 Metaspace       used 10990K, capacity 11179K, committed 11264K, reserved 1058816K
  class space    used 965K, capacity 1022K, committed 1024K, reserved 1048576K
}
Event: 3.546 GC heap before
{Heap before GC invocations=1 (full 0):
 garbage-first heap   total 520192K, used 28580K [0x0000000604000000, 0x0000000800000000)
  region size 2048K, 12 young (24576K), 2 survivors (4096K)
 Metaspace       used 15087K, capacity 15474K, committed 15744K, reserved 1062912K
  class space    used 1465K, capacity 1589K, committed 1664K, reserved 1048576K
}
Event: 3.547 GC heap after
{Heap after GC invocations=2 (full 0):
 garbage-first heap   total 520192K, used 9146K [0x0000000604000000, 0x0000000800000000)
  region size 2048K, 1 young (2048K), 1 survivors (2048K)
 Metaspace       used 15087K, capacity 15474K, committed 15744K, reserved 1062912K
  class space    used 1465K, capacity 1589K, committed 1664K, reserved 1048576K
}
Event: 3.823 GC heap before
{Heap before GC invocations=2 (full 0):
 garbage-first heap   total 520192K, used 37818K [0x0000000604000000, 0x0000000800000000)
  region size 2048K, 16 young (32768K), 1 survivors (2048K)
 Metaspace       used 20668K, capacity 21152K, committed 21296K, reserved 1069056K
  class space    used 2156K, capacity 2365K, committed 2432K, reserved 1048576K
}
Event: 3.825 GC heap after
{Heap after GC invocations=3 (full 0):
 garbage-first heap   total 520192K, used 10646K [0x0000000604000000, 0x0000000800000000)
  region size 2048K, 2 young (4096K), 2 survivors (4096K)
 Metaspace       used 20668K, capacity 21152K, committed 21296K, reserved 1069056K
  class space    used 2156K, capacity 2365K, committed 2432K, reserved 1048576K
}
Event: 4.193 GC heap before
{Heap before GC invocations=4 (full 0):
 garbage-first heap   total 520192K, used 72086K [0x0000000604000000, 0x0000000800000000)
  region size 2048K, 32 young (65536K), 2 survivors (4096K)
 Metaspace       used 29652K, capacity 30252K, committed 30384K, reserved 1077248K
  class space    used 3285K, capacity 3546K, committed 3584K, reserved 1048576K
}
Event: 4.195 GC heap after
{Heap after GC invocations=5 (full 0):
 garbage-first heap   total 520192K, used 12551K [0x0000000604000000, 0x0000000800000000)
  region size 2048K, 3 young (6144K), 3 survivors (6144K)
 Metaspace       used 29652K, capacity 30252K, committed 30384K, reserved 1077248K
  class space    used 3285K, capacity 3546K, committed 3584K, reserved 1048576K
}
Event: 4.744 GC heap before
{Heap before GC invocations=5 (full 0):
 garbage-first heap   total 520192K, used 100615K [0x0000000604000000, 0x0000000800000000)
  region size 2048K, 47 young (96256K), 3 survivors (6144K)
 Metaspace       used 35046K, capacity 35780K, committed 35888K, reserved 1081344K
  class space    used 3879K, capacity 4177K, committed 4224K, reserved 1048576K
}
Event: 4.750 GC heap after
{Heap after GC invocations=6 (full 0):
 garbage-first heap   total 520192K, used 16414K [0x0000000604000000, 0x0000000800000000)
  region size 2048K, 5 young (10240K), 5 survivors (10240K)
 Metaspace       used 35046K, capacity 35780K, committed 35888K, reserved 1081344K
  class space    used 3879K, capacity 4177K, committed 4224K, reserved 1048576K
}

Deoptimization events (20 events):
Event: 4.661 Thread 0x000002b4cdbee800 DEOPT PACKING pc=0x000002b4ad3fd6c8 sp=0x000000e10b8fd4c0
Event: 4.661 Thread 0x000002b4cdbee800 DEOPT UNPACKING pc=0x000002b4a56ca1af sp=0x000000e10b8fd460 mode 2
Event: 4.661 Thread 0x000002b4cdbee800 Uncommon trap: trap_request=0xffffffd6 fr.pc=0x000002b4ad3fd6c8 relative=0x0000000000000368
Event: 4.661 Thread 0x000002b4cdbee800 Uncommon trap: reason=array_check action=maybe_recompile pc=0x000002b4ad3fd6c8 method=java.util.AbstractCollection.toArray([Ljava/lang/Object;)[Ljava/lang/Object; @ 116 c2
Event: 4.661 Thread 0x000002b4cdbee800 DEOPT PACKING pc=0x000002b4ad3fd6c8 sp=0x000000e10b8fd8d0
Event: 4.661 Thread 0x000002b4cdbee800 DEOPT UNPACKING pc=0x000002b4a56ca1af sp=0x000000e10b8fd870 mode 2
Event: 4.661 Thread 0x000002b4cdbee800 Uncommon trap: trap_request=0xffffffd6 fr.pc=0x000002b4ad3fd6c8 relative=0x0000000000000368
Event: 4.661 Thread 0x000002b4cdbee800 Uncommon trap: reason=array_check action=maybe_recompile pc=0x000002b4ad3fd6c8 method=java.util.AbstractCollection.toArray([Ljava/lang/Object;)[Ljava/lang/Object; @ 116 c2
Event: 4.661 Thread 0x000002b4cdbee800 DEOPT PACKING pc=0x000002b4ad3fd6c8 sp=0x000000e10b8fd8d0
Event: 4.661 Thread 0x000002b4cdbee800 DEOPT UNPACKING pc=0x000002b4a56ca1af sp=0x000000e10b8fd870 mode 2
Event: 4.661 Thread 0x000002b4cdbee800 Uncommon trap: trap_request=0xffffffd6 fr.pc=0x000002b4ad3fd6c8 relative=0x0000000000000368
Event: 4.661 Thread 0x000002b4cdbee800 Uncommon trap: reason=array_check action=maybe_recompile pc=0x000002b4ad3fd6c8 method=java.util.AbstractCollection.toArray([Ljava/lang/Object;)[Ljava/lang/Object; @ 116 c2
Event: 4.661 Thread 0x000002b4cdbee800 DEOPT PACKING pc=0x000002b4ad3fd6c8 sp=0x000000e10b8fd710
Event: 4.661 Thread 0x000002b4cdbee800 DEOPT UNPACKING pc=0x000002b4a56ca1af sp=0x000000e10b8fd6b0 mode 2
Event: 4.677 Thread 0x000002b4cdbee800 DEOPT PACKING pc=0x000002b4a64dac5e sp=0x000000e10b8fbe60
Event: 4.677 Thread 0x000002b4cdbee800 DEOPT UNPACKING pc=0x000002b4a56ca95e sp=0x000000e10b8fb380 mode 0
Event: 4.705 Thread 0x000002b4cdbee800 DEOPT PACKING pc=0x000002b4a642de4e sp=0x000000e10b8fd830
Event: 4.705 Thread 0x000002b4cdbee800 DEOPT UNPACKING pc=0x000002b4a56ca95e sp=0x000000e10b8fcd50 mode 0
Event: 4.728 Thread 0x000002b4cdbee800 DEOPT PACKING pc=0x000002b4a5e3fa84 sp=0x000000e10b8fd450
Event: 4.728 Thread 0x000002b4cdbee800 DEOPT UNPACKING pc=0x000002b4a56ca95e sp=0x000000e10b8fc990 mode 0

Classes redefined (0 events):
No events

Internal exceptions (20 events):
Event: 4.115 Thread 0x000002b4cdbee800 Exception <a 'java/lang/NoSuchMethodError'{0x00000006206c8d68}: 'java.lang.Object java.lang.invoke.DirectMethodHandle$Holder.invokeStaticInit(java.lang.Object, int)'> (0x00000006206c8d68) thrown at [s\src\hotspot\share\interpreter\linkResolver.cpp, line 773]
Event: 4.125 Thread 0x000002b4ce44a000 Exception <a 'java/lang/NoSuchMethodError'{0x00000006204eb2c8}: 'java.lang.Object java.lang.invoke.DirectMethodHandle$Holder.invokeStaticInit(java.lang.Object, java.lang.Object, java.lang.Object, java.lang.Object, java.lang.Object)'> (0x00000006204eb2c8) thrown at [s\src\hotspot\share\interpreter\linkResolver.cpp, line 773]
Event: 4.138 Thread 0x000002b4ce44a000 Exception <a 'java/lang/NoSuchMethodError'{0x00000006203c4760}: 'java.lang.Object java.lang.invoke.DirectMethodHandle$Holder.invokeVirtual(java.lang.Object, java.lang.Object, java.lang.Object, java.lang.Object)'> (0x00000006203c4760) thrown at [s\src\hotspot\share\interpreter\linkResolver.cpp, line 773]
Event: 4.222 Thread 0x000002b4cdbee800 Exception <a 'java/lang/ClassNotFoundException'{0x0000000623942258}: java/lang/ObjectCustomizer> (0x0000000623942258) thrown at [s\src\hotspot\share\classfile\systemDictionary.cpp, line 230]
Event: 4.227 Thread 0x000002b4cdbee800 Exception <a 'java/lang/ClassNotFoundException'{0x00000006239794b8}: org/springframework/context/annotation/ConfigurationClassPostProcessorCustomizer> (0x00000006239794b8) thrown at [s\src\hotspot\share\classfile\systemDictionary.cpp, line 230]
Event: 4.229 Thread 0x000002b4cdbee800 Exception <a 'java/lang/ClassNotFoundException'{0x00000006239b3e58}: org/springframework/beans/factory/support/BeanDefinitionRegistryPostProcessorCustomizer> (0x00000006239b3e58) thrown at [s\src\hotspot\share\classfile\systemDictionary.cpp, line 230]
Event: 4.229 Thread 0x000002b4cdbee800 Exception <a 'java/lang/ClassNotFoundException'{0x00000006239d0168}: org/springframework/beans/factory/config/BeanFactoryPostProcessorCustomizer> (0x00000006239d0168) thrown at [s\src\hotspot\share\classfile\systemDictionary.cpp, line 230]
Event: 4.229 Thread 0x000002b4cdbee800 Exception <a 'java/lang/ClassNotFoundException'{0x00000006239e6db0}: org/springframework/core/PriorityOrderedCustomizer> (0x00000006239e6db0) thrown at [s\src\hotspot\share\classfile\systemDictionary.cpp, line 230]
Event: 4.229 Thread 0x000002b4cdbee800 Exception <a 'java/lang/ClassNotFoundException'{0x00000006239fae90}: org/springframework/core/OrderedCustomizer> (0x00000006239fae90) thrown at [s\src\hotspot\share\classfile\systemDictionary.cpp, line 230]
Event: 4.229 Thread 0x000002b4cdbee800 Exception <a 'java/lang/ClassNotFoundException'{0x00000006236136b0}: org/springframework/context/ResourceLoaderAwareCustomizer> (0x00000006236136b0) thrown at [s\src\hotspot\share\classfile\systemDictionary.cpp, line 230]
Event: 4.230 Thread 0x000002b4cdbee800 Exception <a 'java/lang/ClassNotFoundException'{0x0000000623629db0}: org/springframework/beans/factory/AwareCustomizer> (0x0000000623629db0) thrown at [s\src\hotspot\share\classfile\systemDictionary.cpp, line 230]
Event: 4.230 Thread 0x000002b4cdbee800 Exception <a 'java/lang/ClassNotFoundException'{0x0000000623641eb8}: org/springframework/context/ApplicationStartupAwareCustomizer> (0x0000000623641eb8) thrown at [s\src\hotspot\share\classfile\systemDictionary.cpp, line 230]
Event: 4.230 Thread 0x000002b4cdbee800 Exception <a 'java/lang/ClassNotFoundException'{0x0000000623658830}: org/springframework/beans/factory/AwareCustomizer> (0x0000000623658830) thrown at [s\src\hotspot\share\classfile\systemDictionary.cpp, line 230]
Event: 4.230 Thread 0x000002b4cdbee800 Exception <a 'java/lang/ClassNotFoundException'{0x00000006236710c0}: org/springframework/beans/factory/BeanClassLoaderAwareCustomizer> (0x00000006236710c0) thrown at [s\src\hotspot\share\classfile\systemDictionary.cpp, line 230]
Event: 4.230 Thread 0x000002b4cdbee800 Exception <a 'java/lang/ClassNotFoundException'{0x00000006236877d8}: org/springframework/beans/factory/AwareCustomizer> (0x00000006236877d8) thrown at [s\src\hotspot\share\classfile\systemDictionary.cpp, line 230]
Event: 4.230 Thread 0x000002b4cdbee800 Exception <a 'java/lang/ClassNotFoundException'{0x000000062369e2a8}: org/springframework/context/EnvironmentAwareCustomizer> (0x000000062369e2a8) thrown at [s\src\hotspot\share\classfile\systemDictionary.cpp, line 230]
Event: 4.230 Thread 0x000002b4cdbee800 Exception <a 'java/lang/ClassNotFoundException'{0x00000006236b4938}: org/springframework/beans/factory/AwareCustomizer> (0x00000006236b4938) thrown at [s\src\hotspot\share\classfile\systemDictionary.cpp, line 230]
Event: 4.470 Thread 0x000002b4cdbee800 Exception <a 'java/lang/NoClassDefFoundError'{0x0000000621927ba0}: org/glassfish/jersey/server/monitoring/ApplicationEventListener> (0x0000000621927ba0) thrown at [s\src\hotspot\share\classfile\systemDictionary.cpp, line 219]
Event: 4.490 Thread 0x000002b4cdbee800 Exception <a 'java/lang/IncompatibleClassChangeError'{0x00000006215e18e0}: Found class java.lang.Object, but interface was expected> (0x00000006215e18e0) thrown at [s\src\hotspot\share\interpreter\linkResolver.cpp, line 839]
Event: 4.514 Thread 0x000002b4cdbee800 Exception <a 'java/lang/NoSuchMethodError'{0x0000000621111898}: 'void java.lang.invoke.DirectMethodHandle$Holder.invokeInterface(java.lang.Object, java.lang.Object, java.lang.Object, java.lang.Object)'> (0x0000000621111898) thrown at [s\src\hotspot\share\interpreter\linkResolver.cpp, line 773]

Events (20 events):
Event: 4.790 loading class org/springframework/web/servlet/handler/AbstractUrlHandlerMapping
Event: 4.790 loading class org/springframework/web/servlet/handler/AbstractUrlHandlerMapping done
Event: 4.790 loading class org/springframework/web/servlet/HandlerInterceptor
Event: 4.790 loading class org/springframework/web/servlet/HandlerInterceptor done
Event: 4.791 loading class org/springframework/web/accept/ContentNegotiationManager
Event: 4.791 loading class org/springframework/web/accept/ContentNegotiationManager done
Event: 4.791 loading class org/springframework/web/accept/ContentNegotiationStrategy
Event: 4.791 loading class org/springframework/web/accept/ContentNegotiationStrategy done
Event: 4.791 loading class org/springframework/web/accept/MediaTypeFileExtensionResolver
Event: 4.791 loading class org/springframework/web/accept/MediaTypeFileExtensionResolver done
Event: 4.792 loading class org/springframework/web/servlet/mvc/method/annotation/RequestMappingHandlerAdapter
Event: 4.792 loading class org/springframework/web/servlet/mvc/method/annotation/RequestMappingHandlerAdapter done
Event: 4.792 loading class org/springframework/web/servlet/mvc/method/AbstractHandlerMethodAdapter
Event: 4.792 loading class org/springframework/web/servlet/mvc/method/AbstractHandlerMethodAdapter done
Event: 4.793 loading class org/springframework/web/servlet/HandlerAdapter
Event: 4.793 loading class org/springframework/web/servlet/HandlerAdapter done
Event: 4.793 loading class org/springframework/web/servlet/support/WebContentGenerator
Event: 4.793 loading class org/springframework/web/servlet/support/WebContentGenerator done
Event: 4.793 loading class org/springframework/web/servlet/mvc/method/annotation/RequestMappingHandlerMapping
Event: 4.793 loading class org/springframework/web/servlet/mvc/method/annotation/RequestMappingHandlerMapping done


Dynamic libraries:
0x00007ff7914b0000 - 0x00007ff7914be000 	C:\Users\giola\.jdks\corretto-11.0.22\bin\java.exe
0x00007ffa9e570000 - 0x00007ffa9e787000 	C:\Windows\SYSTEM32\ntdll.dll
0x00007ffa9c380000 - 0x00007ffa9c444000 	C:\Windows\System32\KERNEL32.DLL
0x00007ffa9bba0000 - 0x00007ffa9bf46000 	C:\Windows\System32\KERNELBASE.dll
0x00007ffa9bf50000 - 0x00007ffa9c061000 	C:\Windows\System32\ucrtbase.dll
0x00007ffa924a0000 - 0x00007ffa924b7000 	C:\Users\giola\.jdks\corretto-11.0.22\bin\jli.dll
0x00007ffa90430000 - 0x00007ffa9044b000 	C:\Users\giola\.jdks\corretto-11.0.22\bin\VCRUNTIME140.dll
0x00007ffa9e1c0000 - 0x00007ffa9e36e000 	C:\Windows\System32\USER32.dll
0x00007ffa9c070000 - 0x00007ffa9c096000 	C:\Windows\System32\win32u.dll
0x00007ffa7a880000 - 0x00007ffa7ab13000 	C:\Windows\WinSxS\amd64_microsoft.windows.common-controls_6595b64144ccf1df_6.0.22621.2506_none_270c5ae97388e100\COMCTL32.dll
0x00007ffa9cb30000 - 0x00007ffa9cb59000 	C:\Windows\System32\GDI32.dll
0x00007ffa9cfd0000 - 0x00007ffa9d077000 	C:\Windows\System32\msvcrt.dll
0x00007ffa9b9e0000 - 0x00007ffa9baf8000 	C:\Windows\System32\gdi32full.dll
0x00007ffa9bb00000 - 0x00007ffa9bb9a000 	C:\Windows\System32\msvcp_win.dll
0x00007ffa9cf30000 - 0x00007ffa9cf61000 	C:\Windows\System32\IMM32.DLL
0x00007ffa93b30000 - 0x00007ffa93b3c000 	C:\Users\giola\.jdks\corretto-11.0.22\bin\vcruntime140_1.dll
0x00007ffa6d050000 - 0x00007ffa6d0dd000 	C:\Users\giola\.jdks\corretto-11.0.22\bin\msvcp140.dll
0x00007ffa10800000 - 0x00007ffa113c3000 	C:\Users\giola\.jdks\corretto-11.0.22\bin\server\jvm.dll
0x00007ffa9ccc0000 - 0x00007ffa9cd73000 	C:\Windows\System32\ADVAPI32.dll
0x00007ffa9ce60000 - 0x00007ffa9cf08000 	C:\Windows\System32\sechost.dll
0x00007ffa9c290000 - 0x00007ffa9c2b8000 	C:\Windows\System32\bcrypt.dll
0x00007ffa9d320000 - 0x00007ffa9d437000 	C:\Windows\System32\RPCRT4.dll
0x00007ffa9c370000 - 0x00007ffa9c378000 	C:\Windows\System32\PSAPI.DLL
0x00007ffa92170000 - 0x00007ffa9217a000 	C:\Windows\SYSTEM32\VERSION.dll
0x00007ffa8d9a0000 - 0x00007ffa8d9d4000 	C:\Windows\SYSTEM32\WINMM.dll
0x00007ffa982f0000 - 0x00007ffa982f9000 	C:\Windows\SYSTEM32\WSOCK32.dll
0x00007ffa9d2a0000 - 0x00007ffa9d311000 	C:\Windows\System32\WS2_32.dll
0x00007ffa9a8b0000 - 0x00007ffa9a8c8000 	C:\Windows\SYSTEM32\kernel.appcore.dll
0x00007ffa939d0000 - 0x00007ffa939e0000 	C:\Users\giola\.jdks\corretto-11.0.22\bin\verify.dll
0x00007ffa98b20000 - 0x00007ffa98d53000 	C:\Windows\SYSTEM32\DBGHELP.DLL
0x00007ffa9c780000 - 0x00007ffa9cb09000 	C:\Windows\System32\combase.dll
0x00007ffa9cd80000 - 0x00007ffa9ce57000 	C:\Windows\System32\OLEAUT32.dll
0x00007ffa98880000 - 0x00007ffa988b2000 	C:\Windows\SYSTEM32\dbgcore.DLL
0x00007ffa9c210000 - 0x00007ffa9c28a000 	C:\Windows\System32\bcryptPrimitives.dll
0x00007ffa85d00000 - 0x00007ffa85d28000 	C:\Users\giola\.jdks\corretto-11.0.22\bin\java.dll
0x00007ffa93460000 - 0x00007ffa9346a000 	C:\Users\giola\.jdks\corretto-11.0.22\bin\jimage.dll
0x00007ffa92aa0000 - 0x00007ffa92aae000 	C:\Users\giola\.jdks\corretto-11.0.22\bin\instrument.dll
0x00007ffa8ec40000 - 0x00007ffa8ec58000 	C:\Users\giola\.jdks\corretto-11.0.22\bin\zip.dll
0x00007ffa9d8d0000 - 0x00007ffa9e12b000 	C:\Windows\System32\SHELL32.dll
0x00007ffa997c0000 - 0x00007ffa9a0b6000 	C:\Windows\SYSTEM32\windows.storage.dll
0x00007ffa99680000 - 0x00007ffa997be000 	C:\Windows\SYSTEM32\wintypes.dll
0x00007ffa9c5d0000 - 0x00007ffa9c6c3000 	C:\Windows\System32\SHCORE.dll
0x00007ffa9c720000 - 0x00007ffa9c77e000 	C:\Windows\System32\shlwapi.dll
0x00007ffa9b7e0000 - 0x00007ffa9b806000 	C:\Windows\SYSTEM32\profapi.dll
0x00007ffa85a40000 - 0x00007ffa85a59000 	C:\Users\giola\.jdks\corretto-11.0.22\bin\net.dll
0x00007ffa948c0000 - 0x00007ffa949f7000 	C:\Windows\SYSTEM32\WINHTTP.dll
0x00007ffa9ad90000 - 0x00007ffa9adf9000 	C:\Windows\system32\mswsock.dll
0x00007ffa80e70000 - 0x00007ffa80e82000 	C:\Users\giola\.jdks\corretto-11.0.22\bin\nio.dll
0x00007ffa7e070000 - 0x00007ffa7e08a000 	C:\Program Files\JetBrains\IntelliJ IDEA Community Edition 2023.1.2\bin\breakgen64.dll
0x00007ffa924f0000 - 0x00007ffa924f9000 	C:\Users\giola\.jdks\corretto-11.0.22\bin\management.dll
0x00007ffa91c00000 - 0x00007ffa91c0b000 	C:\Users\giola\.jdks\corretto-11.0.22\bin\management_ext.dll
0x00007ffa752b0000 - 0x00007ffa752c7000 	C:\Windows\system32\napinsp.dll
0x00007ffa74190000 - 0x00007ffa741ab000 	C:\Windows\system32\pnrpnsp.dll
0x00007ffa9a390000 - 0x00007ffa9a489000 	C:\Windows\SYSTEM32\DNSAPI.dll
0x00007ffa9a320000 - 0x00007ffa9a34d000 	C:\Windows\SYSTEM32\IPHLPAPI.DLL
0x00007ffa9cb20000 - 0x00007ffa9cb29000 	C:\Windows\System32\NSI.dll
0x00007ffa74170000 - 0x00007ffa74181000 	C:\Windows\System32\winrnr.dll
0x00007ffa93520000 - 0x00007ffa93535000 	C:\Windows\system32\wshbth.dll
0x00007ffa74140000 - 0x00007ffa74161000 	C:\Windows\system32\nlansp_c.dll
0x00007ffa932f0000 - 0x00007ffa932fa000 	C:\Windows\System32\rasadhlp.dll
0x00007ffa96210000 - 0x00007ffa96293000 	C:\Windows\System32\fwpuclnt.dll

dbghelp: loaded successfully - version: 4.0.5 - missing functions: none
symbol engine: initialized successfully - sym options: 0x614 - pdb path: .;C:\Users\giola\.jdks\corretto-11.0.22\bin;C:\Windows\SYSTEM32;C:\Windows\WinSxS\amd64_microsoft.windows.common-controls_6595b64144ccf1df_6.0.22621.2506_none_270c5ae97388e100;C:\Users\giola\.jdks\corretto-11.0.22\bin\server;C:\Program Files\JetBrains\IntelliJ IDEA Community Edition 2023.1.2\bin

VM Arguments:
jvm_args: -javaagent:C:\Program Files\JetBrains\IntelliJ IDEA Community Edition 2023.1.2\lib\idea_rt.jar=64376:C:\Program Files\JetBrains\IntelliJ IDEA Community Edition 2023.1.2\bin -Dfile.encoding=UTF-8 
java_command: com.giova.service.moneystats.MoneyStatsServiceApplication
java_class_path (initial): C:\Users\giola\Documents\Personal Project\MSS-MoneyStats-Service\target\classes;C:\Users\giola\.m2\repository\org\apache\tomcat\embed\tomcat-embed-core\9.0.68\tomcat-embed-core-9.0.68.jar;C:\Users\giola\.m2\repository\org\apache\tomcat\tomcat-annotations-api\9.0.68\tomcat-annotations-api-9.0.68.jar;C:\Users\giola\.m2\repository\org\springframework\boot\spring-boot-starter-data-jpa\2.7.5\spring-boot-starter-data-jpa-2.7.5.jar;C:\Users\giola\.m2\repository\org\springframework\boot\spring-boot-starter-aop\2.7.5\spring-boot-starter-aop-2.7.5.jar;C:\Users\giola\.m2\repository\org\springframework\boot\spring-boot-starter-jdbc\2.7.5\spring-boot-starter-jdbc-2.7.5.jar;C:\Users\giola\.m2\repository\com\zaxxer\HikariCP\4.0.3\HikariCP-4.0.3.jar;C:\Users\giola\.m2\repository\org\springframework\spring-jdbc\5.3.23\spring-jdbc-5.3.23.jar;C:\Users\giola\.m2\repository\jakarta\transaction\jakarta.transaction-api\1.3.3\jakarta.transaction-api-1.3.3.jar;C:\Users\giola\.m2\repository\org\hibernate\hibernate-core\5.6.12.Final\hibernate-core-5.6.12.Final.jar;C:\Users\giola\.m2\repository\org\jboss\logging\jboss-logging\3.4.3.Final\jboss-logging-3.4.3.Final.jar;C:\Users\giola\.m2\repository\net\bytebuddy\byte-buddy\1.12.18\byte-buddy-1.12.18.jar;C:\Users\giola\.m2\repository\antlr\antlr\2.7.7\antlr-2.7.7.jar;C:\Users\giola\.m2\repository\org\jboss\jandex\2.4.2.Final\jandex-2.4.2.Final.jar;C:\Users\giola\.m2\repository\com\fasterxml\classmate\1.5.1\classmate-1.5.1.jar;C:\Users\giola\.m2\repository\org\hibernate\common\hibernate-commons-annotations\5.1.2.Final\hibernate-commons-annotations-5.1.2.Final.jar;C:\Users\giola\.m2\repository\org\glassfish\jaxb\jaxb-runtime\2.3.7\jaxb-runtime-2.3.7.jar;C:\Users\giola\.m2\repository\org\glassfish\jaxb\txw2\2.3.7\txw2-2.3.7.jar;C:\Users\giola\.m2\repository\com\sun\istack\istack-commons-runtime\3.0.12\istack-commons-runtime-3.0.12.jar;C:\Users\giola\.m2\repository\com\sun\activation\jakarta.activation\1.2.2\jakarta.activ
Launcher Type: SUN_STANDARD

[Global flags]
     intx CICompilerCount                          = 12                                        {product} {ergonomic}
     uint ConcGCThreads                            = 5                                         {product} {ergonomic}
     uint G1ConcRefinementThreads                  = 18                                        {product} {ergonomic}
   size_t G1HeapRegionSize                         = 2097152                                   {product} {ergonomic}
    uintx GCDrainStackTargetSize                   = 64                                        {product} {ergonomic}
   size_t InitialHeapSize                          = 532676608                                 {product} {ergonomic}
   size_t MarkStackSize                            = 4194304                                   {product} {ergonomic}
   size_t MaxHeapSize                              = 8522825728                                {product} {ergonomic}
   size_t MaxNewSize                               = 5112856576                                {product} {ergonomic}
   size_t MinHeapDeltaBytes                        = 2097152                                   {product} {ergonomic}
    uintx NonNMethodCodeHeapSize                   = 7594288                                {pd product} {ergonomic}
    uintx NonProfiledCodeHeapSize                  = 122031976                              {pd product} {ergonomic}
    uintx ProfiledCodeHeapSize                     = 122031976                              {pd product} {ergonomic}
    uintx ReservedCodeCacheSize                    = 251658240                              {pd product} {ergonomic}
     bool SegmentedCodeCache                       = true                                      {product} {ergonomic}
     bool UseCompressedClassPointers               = true                                 {lp64_product} {ergonomic}
     bool UseCompressedOops                        = true                                 {lp64_product} {ergonomic}
     bool UseG1GC                                  = true                                      {product} {ergonomic}
     bool UseLargePagesIndividualAllocation        = false                                  {pd product} {ergonomic}

Logging:
Log output configuration:
 #0: stdout all=warning uptime,level,tags
 #1: stderr all=off uptime,level,tags

Environment Variables:
JAVA_HOME=C:\Program Files\OpenLogic\jre-11.0.21.9-hotspot
PATH=C:\Program Files (x86)\Common Files\Oracle\Java\javapath;C:\Windows\system32;C:\Windows;C:\Windows\System32\Wbem;C:\Windows\System32\WindowsPowerShell\v1.0\;C:\Windows\System32\OpenSSH\;C:\Users\giola\AppData\Roaming\nvm;C:\Program Files\nodejs;C:\Program Files\NVIDIA Corporation\NVIDIA NvDLISR;C:\Program Files (x86)\NVIDIA Corporation\PhysX\Common;C:\Program Files\dotnet\;C:\Program Files\Git\cmd;C:\Program Files\Docker\Docker\resources\bin;C:\Users\giola\AppData\Local\Microsoft\WindowsApps;C:\Users\giola\AppData\Roaming\nvm;C:\Program Files\nodejs;C:\Users\giola\AppData\Local\Programs\Microsoft VS Code\bin;C:\Program Files\OpenSSL-Win64\bin;C:\Program Files\apache-maven-3.9.6\bin;
USERNAME=giola
OS=Windows_NT
PROCESSOR_IDENTIFIER=Intel64 Family 6 Model 183 Stepping 1, GenuineIntel
TMP=C:\Users\giola\AppData\Local\Temp
TEMP=C:\Users\giola\AppData\Local\Temp



---------------  S Y S T E M  ---------------

OS: Windows 11 , 64 bit Build 22621 (10.0.22621.3085)
OS uptime: 12 days 18:02 hours
Hyper-V role detected

CPU:total 24 (initial active 24) (12 cores per cpu, 2 threads per core) family 6 model 183 stepping 1 microcode 0x10e, cmov, cx8, fxsr, mmx, sse, sse2, sse3, ssse3, sse4.1, sse4.2, popcnt, avx, avx2, aes, clmul, erms, 3dnowpref, lzcnt, ht, tsc, tscinvbit, bmi1, bmi2, adx, sha, fma

Memory: 4k page, system-wide physical 32509M (20162M free)
TotalPageFile size 34557M (AvailPageFile size 18036M)
current process WorkingSet (physical memory assigned to process): 248M, peak: 248M
current process commit charge ("private bytes"): 711M, peak: 711M

vm_info: OpenJDK 64-Bit Server VM (11.0.22+7-LTS) for windows-amd64 JRE (11.0.22+7-LTS), built on Jan 10 2024 19:54:00 by "Administrator" with MS VC++ 16.10 / 16.11 (VS2019)

END.
